HF energy: -52.893914481982335
# of electrons: 10
# of spin orbitals: 18
IIIIIIIIIIII	(-13.05557394301846+0j)
IIIIIIIIIIIZ	(0.7677351256814109+0j)
IIIIIIIIIIZX	(0.007588300024898539+0j)
IIIIIIIIIIIX	(-0.007588300024898539+0j)
IIIIIIIIIYYX	(-0.00779725523229844+0j)
IIIIIIIIIXYY	(0.00779725523229844+0j)
IIIIIIIIZIXX	(-0.006030368719928787+0j)
IIIIIIIIIZYY	(-0.006030368719928787+0j)
IIIIIIXYYIXX	(0.003467622448445682+0j)
IIIIIIXXYIXY	(-0.003467622448445682+0j)
IIIIIIYIYIXX	(-0.07769998612277655+0j)
IIIIIIXZYIXY	(0.07769998612277655+0j)
IIIIIIIIIIZZ	(0.58642051602473+0j)
IIIIIIIIIYYZ	(0.0010220828327541823+0j)
IIIIIIIIIXXI	(0.0010220828327541823+0j)
IIIIIIIIZIXZ	(0.006106816162338613+0j)
IIIIIIIIIZXI	(-0.006106816162338613+0j)
IIIIIIXYYIXZ	(-0.007129425606883297+0j)
IIIIIIXXYIYI	(0.007129425606883297+0j)
IIIIIIYIYIXZ	(0.002679596550075567+0j)
IIIIIIXZYIYI	(-0.002679596550075567+0j)
IIIIIIIIIZII	(0.5821697892024161+0j)
IIIIIIIIZXZI	(0.0013634445726360483+0j)
IIIIIIIIIXII	(-0.0013634445726360483+0j)
IIIIIIXYYXZI	(-0.005977517731686789+0j)
IIIIIIXXYYZI	(0.005977517731686789+0j)
IIIIIIYIYXZI	(0.002765341093144036+0j)
IIIIIIXZYYZI	(-0.002765341093144036+0j)
IIIIIIIIZZZI	(0.5751436631708647+0j)
IIIIIIXYYZZI	(0.0765058455667307+0j)
IIIIIIXXXIII	(0.0765058455667307+0j)
IIIIIIYIYZZI	(-0.0021404469380169335+0j)
IIIIIIXZXIII	(-0.0021404469380169335+0j)
IIIIIIIZIIII	(0.2083675020041436+0j)
IIIIIIZXIIII	(0.004419669068054039+0j)
IIIIIIIXIIII	(-0.004419669068054039+0j)
IIIIIIZZIIII	(0.17715816375549198+0j)
IIIIIZIIIIII	(0.767735125681411+0j)
IIIIZXZIZIII	(0.007588300024898539+0j)
IIIIIXIIIIII	(-0.007588300024898539+0j)
XIXYYXZIZIII	(-0.0077972552322984395+0j)
XIXXYYZIZIII	(0.0077972552322984395+0j)
XIYIYXZIZIII	(0.006030368719928786+0j)
XIXZYYZIZIII	(-0.006030368719928786+0j)
XYZIYXZIZIII	(0.003467622448445683+0j)
XXZIYYZIZIII	(-0.003467622448445683+0j)
YIIIYXZIZIII	(-0.07769998612277668+0j)
XZZIYYZIZIII	(0.07769998612277668+0j)
IIIIZZZIZIII	(0.5864205160247301+0j)
XIXYYZZIZIII	(0.0010220828327541821+0j)
XIXXXIIIIIII	(0.0010220828327541821+0j)
XIYIYZZIZIII	(-0.006106816162338612+0j)
XIXZXIIIIIII	(-0.006106816162338612+0j)
XYZIYZZIZIII	(-0.007129425606883299+0j)
XXZIXIIIIIII	(-0.007129425606883299+0j)
YIIIYZZIZIII	(0.002679596550075564+0j)
XZZIXIIIIIII	(0.002679596550075564+0j)
IIIZIIIIIIII	(0.582169789202416+0j)
IIZXIIIIIIII	(0.0013634445726360476+0j)
IIIXIIIIIIII	(-0.0013634445726360476+0j)
IYYXIIIIIIII	(-0.005977517731686787+0j)
IXYYIIIIIIII	(0.005977517731686787+0j)
ZIXXIIIIIIII	(-0.0027653410931440365+0j)
IZYYIIIIIIII	(-0.0027653410931440365+0j)
IIZZIIIIIIII	(0.5751436631708647+0j)
IYYZIIIIIIII	(0.07650584556673067+0j)
IXXIIIIIIIII	(0.07650584556673067+0j)
ZIXZIIIIIIII	(0.002140446938016934+0j)
IZXIIIIIIIII	(-0.002140446938016934+0j)
IZIIIIIIIIII	(0.2083675020041438+0j)
ZXZIIIIIIIII	(0.00441966906805404+0j)
IXIIIIIIIIII	(-0.00441966906805404+0j)
ZZZIIIIIIIII	(0.17715816375549176+0j)
IIIIIIIIIIZI	(0.09357711563925425+0j)
IIIIIIIIIYYI	(-6.81891446587671e-08+0j)
IIIIIIIIIXXZ	(-6.81891446587671e-08+0j)
IIIIIIXYYIXI	(-0.0005061325948995525+0j)
IIIIIIXXYIYZ	(0.0005061325948995525+0j)
IIIIIIYIYIXI	(-2.882855337342026e-06+0j)
IIIIIIXZYIYZ	(2.882855337342026e-06+0j)
IIIIIIIIIZIZ	(0.09357698083048627+0j)
IIIIIIXYYXZZ	(-0.0010755434454996766+0j)
IIIIIIXXYYZZ	(0.0010755434454996766+0j)
IIIIIIYIYXZZ	(6.237388253896101e-07+0j)
IIIIIIXZYYZZ	(-6.237388253896101e-07+0j)
IIIIIIIIZZZZ	(0.09357708343189+0j)
IIIIIIXYYZZZ	(0.015640385557993172+0j)
IIIIIIXXXIIZ	(0.015640385557993172+0j)
IIIIIIYIYZZZ	(-8.98109403419531e-07+0j)
IIIIIIXZXIIZ	(-8.98109403419531e-07+0j)
IIIIIIIZIIIZ	(0.11070337669671046+0j)
IIIIIIZXIIIZ	(-7.470899551500738e-07+0j)
IIIIIIIXIIIZ	(7.470899551500738e-07+0j)
IIIIIIZZIIIZ	(0.09817209784826186+0j)
IIIIIIIIIYXY	(1.2424499882049411e-08+0j)
IIIIIIIIIXXX	(1.2424499882049411e-08+0j)
IIIIIIXYYIYY	(-0.0022132887412147704+0j)
IIIIIIXXYIYX	(-0.0022132887412147704+0j)
IIIIIIYIYIYY	(0.019810868450677956+0j)
IIIIIIXZYIYX	(0.019810868450677956+0j)
IIIIIIIIIZZX	(1.2089930432647444e-07+0j)
IIIIIIIIIZIX	(-1.2089930432647444e-07+0j)
IIIIIIIIZXIX	(3.076964584102122e-08+0j)
IIIIIIIIZYZY	(2.7488174262507194e-08+0j)
IIIIIIIIIYZY	(2.7488174262507194e-08+0j)
IIIIIIIIIXIX	(3.076964584102122e-08+0j)
IIIIIIXYYXIX	(-0.0037183324871570985+0j)
IIIIIIXYYYZY	(-0.003718328625039294+0j)
IIIIIIXXYXIY	(0.003718328625039294+0j)
IIIIIIXXYYZX	(-0.0037183324871570985+0j)
IIIIIIYIYXIX	(1.1161634319056332e-06+0j)
IIIIIIYIYYZY	(1.1161608875682038e-06+0j)
IIIIIIXZYXIY	(-1.1161608875682038e-06+0j)
IIIIIIXZYYZX	(1.1161634319056332e-06+0j)
IIIIIIIIZZIX	(9.472842156001138e-08+0j)
IIIIIIIIZZZX	(-9.472842156001138e-08+0j)
IIIIIIXYYZIX	(0.0037453828497883267+0j)
IIIIIIXXXIZX	(4.250850789069968e-08+0j)
IIIIIIXYXIIY	(-0.003745340341280436+0j)
IIIIIIXXYZIY	(-0.003745340341280436+0j)
IIIIIIXYYZZX	(-4.250850789069968e-08+0j)
IIIIIIXXXIIX	(-0.0037453828497883267+0j)
IIIIIIYIYZIX	(1.8327134300494246e-07+0j)
IIIIIIYIXIIY	(-1.8327082497177946e-07+0j)
IIIIIIXZYZIY	(-1.8327082497177946e-07+0j)
IIIIIIXZXIIX	(-1.8327134300494246e-07+0j)
IIIIIIIZIIZX	(-0.0033994088963640906+0j)
IIIIIIIZIIIX	(0.0033994088963640906+0j)
IIIIIIZXIIZX	(0.00019218543870772682+0j)
IIIIIIIXIIZX	(-0.00044047053670583027+0j)
IIIIIIZYIIIY	(-0.0002482850979981042+0j)
IIIIIIIYIIZY	(-0.0002482850979981042+0j)
IIIIIIZXIIIX	(-0.00044047053670583027+0j)
IIIIIIIXIIIX	(0.00019218543870772682+0j)
IIIIIIZZIIZX	(3.896681592703587e-06+0j)
IIIIIIZZIIIX	(-3.896681592703587e-06+0j)
IIIIIIIIZZXX	(6.64767039948097e-08+0j)
IIIIIIIIIIYY	(6.64767039948097e-08+0j)
IIIIIIXYYZXX	(-0.005022497346487115+0j)
IIIIIIXXYZXY	(0.005022497346487115+0j)
IIIIIIYIYZXX	(-0.019808851197073943+0j)
IIIIIIXZYZXY	(0.019808851197073943+0j)
IIIIIIIIIXIZ	(-8.840803176628581e-08+0j)
IIIIIIIIZXZZ	(8.840803176628581e-08+0j)
IIIIIIIIZXXX	(-4.34315646992596e-08+0j)
IIIIIIIIZYXY	(-4.34315646992596e-08+0j)
IIIIIIXYYXXX	(0.004401561635725783+0j)
IIIIIIXXXYYX	(-3.753126428618445e-08+0j)
IIIIIIXYXXYX	(-0.004401524104461495+0j)
IIIIIIXXYXXY	(-0.004401524104461495+0j)
IIIIIIXYYYXY	(3.753126428618445e-08+0j)
IIIIIIXXXXYY	(0.004401561635725783+0j)
IIIIIIYIYXXX	(6.328029601551598e-07+0j)
IIIIIIYIXXYX	(-6.32798820154814e-07+0j)
IIIIIIXZYXXY	(-6.32798820154814e-07+0j)
IIIIIIXZXXYY	(6.328029601551598e-07+0j)
IIIIIIIZIYYX	(0.0034861150188671038+0j)
IIIIIIIZIXYY	(-0.0034861150188671038+0j)
IIIIIIZXIYYX	(-0.0004079704671352853+0j)
IIIIIIIXIYYX	(0.0009355795305662299+0j)
IIIIIIZYIXYX	(-0.0005276090634309455+0j)
IIIIIIIYIYYY	(0.0005276090634309455+0j)
IIIIIIZXIXYY	(0.0009355795305662299+0j)
IIIIIIIXIXYY	(-0.0004079704671352853+0j)
IIIIIIZZIYYX	(7.655896943423477e-07+0j)
IIIIIIZZIXYY	(-7.655896943423477e-07+0j)
IIIIIIXYXZYX	(0.0028060999463097864+0j)
IIIIIIXXXZYY	(-0.0028060999463097864+0j)
IIIIIIYIXZYX	(-0.01980926897624738+0j)
IIIIIIXZXZYY	(0.01980926897624738+0j)
IIIIIIIZZIXX	(0.0026958450046056666+0j)
IIIIIIIZIZYY	(0.0026958450046056666+0j)
IIIIIIZXZIXX	(-0.005940562590665118+0j)
IIIIIIIXZIXX	(0.013613141769180125+0j)
IIIIIIZYIZYX	(0.007672579178515006+0j)
IIIIIIIYZIXY	(0.007672579178515006+0j)
IIIIIIZXIZYY	(-0.013613141769180125+0j)
IIIIIIIXIZYY	(0.005940562590665118+0j)
IIIIIIZZZIXX	(1.1710166368915086e-06+0j)
IIIIIIZZIZYY	(1.1710166368915086e-06+0j)
IIIIIIYZYIXX	(-0.01811903680586257+0j)
IIIIIIXIYIXY	(0.01811903680586257+0j)
IIIIIIYXYIXX	(-9.597550147416756e-07+0j)
IIIIIIYYYIXY	(-9.597550147416756e-07+0j)
IIIIIZIIIIIZ	(0.12531468759841527+0j)
IIIIIZIIIIZX	(3.421812292594435e-07+0j)
IIIIIZIIIIIX	(-3.421812292594435e-07+0j)
IIIIIZIIZIXX	(8.796168092259375e-08+0j)
IIIIIZIIIZYY	(8.796168092259375e-08+0j)
IIIIIZXYYIXX	(-1.135000103225084e-06+0j)
IIIIIZXXYIXY	(1.135000103225084e-06+0j)
IIIIIZYIYIXX	(-0.02198852382968056+0j)
IIIIIZXZYIXY	(0.02198852382968056+0j)
IIIIIXIIIIIZ	(-3.421812292594435e-07+0j)
IIIIZXZIZIIZ	(3.421812292594435e-07+0j)
IIIIIXIIIIZX	(-0.026802514908999+0j)
IIIIZXZIZIZX	(0.026802514908999+0j)
IIIIIXIIIIIX	(0.026802514908999+0j)
IIIIZXZIZIIX	(-0.026802514908999+0j)
IIIIIXIIIYYX	(8.628897813366254e-08+0j)
IIIIZXZIZYYX	(-8.628897813366254e-08+0j)
IIIIIXIIIXYY	(-8.628897813366254e-08+0j)
IIIIZXZIZXYY	(8.628897813366254e-08+0j)
IIIIIXXYYIXX	(0.00015425508702362984+0j)
IIIIZXYYXIXX	(-0.00015425508702362984+0j)
IIIIIXXXYIXY	(-0.00015425508702362984+0j)
IIIIZXYXXIXY	(0.00015425508702362984+0j)
IIIIIXYIYIXX	(8.793849185452867e-07+0j)
IIIIZXXIXIXX	(8.793849185452867e-07+0j)
IIIIIXXZYIXY	(-8.793849185452867e-07+0j)
IIIIZXYZXIXY	(8.793849185452867e-07+0j)
XIXXYYZIZIZX	(8.628897813366255e-08+0j)
XIXYYXZIZIZX	(-8.628897813366255e-08+0j)
XIXXYYZIZIIX	(-8.628897813366255e-08+0j)
XIXYYXZIZIIX	(8.628897813366255e-08+0j)
XIXXYYZIZYYX	(-0.0268023343716991+0j)
XIXYYXZIZYYX	(0.0268023343716991+0j)
XIXXYYZIZXYY	(0.0268023343716991+0j)
XIXYYXZIZXYY	(-0.0268023343716991+0j)
XIXXYYYYXIXX	(-0.0003277986702423224+0j)
XIXYYXYYXIXX	(0.0003277986702423224+0j)
XIXXYYYXXIXY	(0.0003277986702423224+0j)
XIXYYXYXXIXY	(-0.0003277986702423224+0j)
XIXXYYXIXIXX	(-1.9282831696207595e-07+0j)
XIXYYXXIXIXX	(1.9282831696207595e-07+0j)
XIXXYYYZXIXY	(-1.9282831696207595e-07+0j)
XIXYYXYZXIXY	(1.9282831696207595e-07+0j)
XIXZYYZIZIIZ	(8.796168092259375e-08+0j)
XIYIYXZIZIIZ	(-8.796168092259375e-08+0j)
XIXZYYZIIIXX	(0.02680226492082141+0j)
XIYIYXZIIIXX	(-0.02680226492082141+0j)
XIXZYYZIZZYY	(0.02680226492082141+0j)
XIYIYXZIZZYY	(-0.02680226492082141+0j)
XIXZYYYYXIXX	(0.004766394567751668+0j)
XIYIYXYYXIXX	(-0.004766394567751668+0j)
XIXZYYYXXIXY	(-0.004766394567751668+0j)
XIYIYXYXXIXY	(0.004766394567751668+0j)
XIXZYYXIXIXX	(2.7537799915818347e-07+0j)
XIYIYXXIXIXX	(-2.7537799915818347e-07+0j)
XIXZYYYZXIXY	(2.7537799915818347e-07+0j)
XIYIYXYZXIXY	(-2.7537799915818347e-07+0j)
XXZIYYZIZIIZ	(1.135000103225084e-06+0j)
XYZIYXZIZIIZ	(-1.135000103225084e-06+0j)
XXZIYYZIZIZX	(0.00015425508702362984+0j)
XYZIYXZIZIZX	(-0.00015425508702362984+0j)
XXZIYYZIZIIX	(-0.00015425508702362984+0j)
XYZIYXZIZIIX	(0.00015425508702362984+0j)
XXZIYYZIZYYX	(-0.00032779867024232233+0j)
XYZIYXZIZYYX	(0.00032779867024232233+0j)
XXZIYYZIZXYY	(0.00032779867024232233+0j)
XYZIYXZIZXYY	(-0.00032779867024232233+0j)
XXZIYYZIIIXX	(-0.004766394567751668+0j)
XYZIYXZIIIXX	(0.004766394567751668+0j)
XXZIYYZIZZYY	(-0.004766394567751668+0j)
XYZIYXZIZZYY	(0.004766394567751668+0j)
XXZIYYYYXIXX	(-0.011957641201109372+0j)
XYZIYXYYXIXX	(0.011957641201109372+0j)
XXZIYYYXXIXY	(0.011957641201109372+0j)
XYZIYXYXXIXY	(-0.011957641201109372+0j)
XXZIYYXIXIXX	(3.184162046939846e-07+0j)
XYZIYXXIXIXX	(-3.184162046939846e-07+0j)
XXZIYYYZXIXY	(3.184162046939846e-07+0j)
XYZIYXYZXIXY	(-3.184162046939846e-07+0j)
XZZIYYZIZIIZ	(0.021988523829680563+0j)
YIIIYXZIZIIZ	(-0.021988523829680563+0j)
XZZIYYZIZIZX	(8.793849185452867e-07+0j)
YIIIYXZIZIZX	(-8.793849185452867e-07+0j)
XZZIYYZIZIIX	(-8.793849185452867e-07+0j)
YIIIYXZIZIIX	(8.793849185452867e-07+0j)
XZZIYYZIZYYX	(1.9282831696207595e-07+0j)
YIIIYXZIZYYX	(-1.9282831696207595e-07+0j)
XZZIYYZIZXYY	(-1.9282831696207595e-07+0j)
YIIIYXZIZXYY	(1.9282831696207595e-07+0j)
XZZIYYZIIIXX	(2.7537799915818347e-07+0j)
YIIIYXZIIIXX	(-2.7537799915818347e-07+0j)
XZZIYYZIZZYY	(2.7537799915818347e-07+0j)
YIIIYXZIZZYY	(-2.7537799915818347e-07+0j)
XZZIYYYYXIXX	(-3.184162046939846e-07+0j)
YIIIYXYYXIXX	(3.184162046939846e-07+0j)
XZZIYYYXXIXY	(3.184162046939846e-07+0j)
YIIIYXYXXIXY	(-3.184162046939846e-07+0j)
XZZIYYXIXIXX	(0.01841814308597845+0j)
YIIIYXXIXIXX	(-0.01841814308597845+0j)
XZZIYYYZXIXY	(0.01841814308597845+0j)
YIIIYXYZXIXY	(-0.01841814308597845+0j)
IIIIZZZIZIIZ	(0.12037963054825324+0j)
IIIIZZZIZIZX	(0.011080400015432312+0j)
IIIIZZZIZIIX	(-0.011080400015432312+0j)
IIIIZZZIZYYX	(-0.007536012263313271+0j)
IIIIZZZIZXYY	(0.007536012263313271+0j)
IIIIZZZIIIXX	(0.004904633426889963+0j)
IIIIZZZIZZYY	(0.004904633426889963+0j)
IIIIZZYYXIXX	(-0.0013718110937967283+0j)
IIIIZZYXXIXY	(0.0013718110937967283+0j)
IIIIZZXIXIXX	(0.017013389273968182+0j)
IIIIZZYZXIXY	(0.017013389273968182+0j)
XIXXXIIIIIIZ	(-1.5447812279245613e-07+0j)
XIXYYZZIZIIZ	(-1.5447812279245613e-07+0j)
XIXXXIIIIIZX	(-0.007536024687813153+0j)
XIXYYZZIZIZX	(-0.007536024687813153+0j)
XIXXXIIIIIIX	(0.007536024687813153+0j)
XIXYYZZIZIIX	(0.007536024687813153+0j)
XIXXXIIIIYYX	(-0.004885253851189195+0j)
XIXYYZZIZYYX	(-0.004885253851189195+0j)
XIXXXIIIIXYY	(0.004885253851189195+0j)
XIXYYZZIZXYY	(0.004885253851189195+0j)
XIXXXIIIZIXX	(-0.006671547164492169+0j)
XIXYYZZIIIXX	(-0.006671547164492169+0j)
XIXXXIIIIZYY	(-0.006671547164492169+0j)
XIXYYZZIZZYY	(-0.006671547164492169+0j)
XIXXXIXYYIXX	(0.002302030323072625+0j)
XIXYYZYYXIXX	(0.002302030323072625+0j)
XIXXXIXXYIXY	(-0.002302030323072625+0j)
XIXYYZYXXIXY	(-0.002302030323072625+0j)
XIXXXIYIYIXX	(-6.810334423108791e-07+0j)
XIXYYZXIXIXX	(6.810334423108791e-07+0j)
XIXXXIXZYIXY	(6.810334423108791e-07+0j)
XIXYYZYZXIXY	(6.810334423108791e-07+0j)
XIXZXIIIIIZX	(-0.004904627603820798+0j)
XIYIYZZIZIZX	(-0.004904627603820798+0j)
XIXZXIIIIIIX	(0.004904627603820798+0j)
XIYIYZZIZIIX	(0.004904627603820798+0j)
XIXZXIIIIYYX	(0.006671574652666431+0j)
XIYIYZZIZYYX	(0.006671574652666431+0j)
XIXZXIIIIXYY	(-0.006671574652666431+0j)
XIYIYZZIZXYY	(-0.006671574652666431+0j)
XIXZXIIIZIXX	(0.0061954149143657565+0j)
XIYIYZZIIIXX	(0.0061954149143657565+0j)
XIXZXIIIIZYY	(0.0061954149143657565+0j)
XIYIYZZIZZYY	(0.0061954149143657565+0j)
XIXZXIXYYIXX	(-0.0023187362829380086+0j)
XIYIYZYYXIXX	(-0.0023187362829380086+0j)
XIXZXIXXYIXY	(0.0023187362829380086+0j)
XIYIYZYXXIXY	(0.0023187362829380086+0j)
XIXZXIYIYIXX	(-1.1317117131998908e-07+0j)
XIYIYZXIXIXX	(1.1317117131998908e-07+0j)
XIXZXIXZYIXY	(1.1317117131998908e-07+0j)
XIYIYZYZXIXY	(1.1317117131998908e-07+0j)
XXZIXIIIIIIZ	(-0.0006603876819231822+0j)
XYZIYZZIZIIZ	(-0.0006603876819231822+0j)
XXZIXIIIIIZX	(-0.0035850998350114988+0j)
XYZIYZZIZIZX	(-0.0035850998350114988+0j)
XXZIXIIIIIIX	(0.0035850998350114988+0j)
XYZIYZZIZIIX	(0.0035850998350114988+0j)
XXZIXIIIIYYX	(0.006020358948111919+0j)
XYZIYZZIZYYX	(0.006020358948111919+0j)
XXZIXIIIIXYY	(-0.006020358948111919+0j)
XYZIYZZIZXYY	(-0.006020358948111919+0j)
XXZIXIIIZIXX	(0.006064076624218444+0j)
XYZIYZZIIIXX	(0.006064076624218444+0j)
XXZIXIIIIZYY	(0.006064076624218444+0j)
XYZIYZZIZZYY	(0.006064076624218444+0j)
XXZIXIXYYIXX	(-0.0008021958509162456+0j)
XYZIYZYYXIXX	(-0.0008021958509162456+0j)
XXZIXIXXYIXY	(0.0008021958509162456+0j)
XYZIYZYXXIXY	(0.0008021958509162456+0j)
XXZIXIYIYIXX	(0.0005825481082873987+0j)
XYZIYZXIXIXX	(-0.0005825481082873987+0j)
XXZIXIXZYIXY	(-0.0005825481082873987+0j)
XYZIYZYZXIXY	(-0.0005825481082873987+0j)
XZZIXIIIIIIZ	(-3.7622402558874197e-06+0j)
YIIIYZZIZIIZ	(-3.7622402558874197e-06+0j)
XZZIXIIIIIZX	(0.0027974791767097747+0j)
YIIIYZZIZIZX	(0.0027974791767097747+0j)
XZZIXIIIIIIX	(-0.0027974791767097747+0j)
YIIIYZZIZIIX	(-0.0027974791767097747+0j)
XZZIXIIIIYYX	(-1.7971943298791664e-06+0j)
YIIIYZZIZYYX	(-1.7971943298791664e-06+0j)
XZZIXIIIIXYY	(1.7971943298791664e-06+0j)
YIIIYZZIZXYY	(1.7971943298791664e-06+0j)
XZZIXIIIZIXX	(2.964419962920131e-07+0j)
YIIIYZZIIIXX	(2.964419962920131e-07+0j)
XZZIXIIIIZYY	(2.964419962920131e-07+0j)
YIIIYZZIZZYY	(2.964419962920131e-07+0j)
XZZIXIXYYIXX	(0.0003342630102892949+0j)
YIIIYZYYXIXX	(0.0003342630102892949+0j)
XZZIXIXXYIXY	(-0.0003342630102892949+0j)
YIIIYZYXXIXY	(-0.0003342630102892949+0j)
XZZIXIYIYIXX	(5.424943883738108e-06+0j)
YIIIYZXIXIXX	(-5.424943883738108e-06+0j)
XZZIXIXZYIXY	(-5.424943883738108e-06+0j)
YIIIYZYZXIXY	(-5.424943883738108e-06+0j)
IIIZIIIIIIIZ	(0.12037931520218537+0j)
IIIZIIIIIIZX	(-0.004885132951884869+0j)
IIIZIIIIIIIX	(0.004885132951884869+0j)
IIIZIIIIIYYX	(-0.0008892440179561387+0j)
IIIZIIIIIXYY	(0.0008892440179561387+0j)
IIIZIIIIZIXX	(-0.00923092106438284+0j)
IIIZIIIIIZYY	(-0.00923092106438284+0j)
IIIZIIXYYIXX	(0.003107919649545615+0j)
IIIZIIXXYIXY	(-0.003107919649545615+0j)
IIIZIIYIYIXX	(-0.017014624371116567+0j)
IIIZIIXZYIXY	(0.017014624371116567+0j)
IIIXIIIIIIIZ	(-8.840803176628581e-08+0j)
IIZXIIIIIIIZ	(8.840803176628581e-08+0j)
IIIXIIIIIIZX	(-0.006671577934138011+0j)
IIZXIIIIIIZX	(0.006671577934138011+0j)
IIIXIIIIIIIX	(0.006671577934138011+0j)
IIZXIIIIIIIX	(-0.006671577934138011+0j)
IIIXIIIIIYYX	(-0.009230987541086836+0j)
IIZXIIIIIYYX	(0.009230987541086836+0j)
IIIXIIIIIXYY	(0.009230987541086836+0j)
IIZXIIIIIXYY	(-0.009230987541086836+0j)
IIIXIIIIZIXX	(0.00842523430604003+0j)
IIZXIIIIZIXX	(-0.00842523430604003+0j)
IIIXIIIIIZYY	(0.00842523430604003+0j)
IIZXIIIIIZYY	(-0.00842523430604003+0j)
IIIXIIXYYIXX	(-0.0027250306991216254+0j)
IIZXIIXYYIXX	(0.0027250306991216254+0j)
IIIXIIXXYIXY	(0.0027250306991216254+0j)
IIZXIIXXYIXY	(-0.0027250306991216254+0j)
IIIXIIYIYIXX	(-3.86140032067632e-07+0j)
IIZXIIYIYIXX	(3.86140032067632e-07+0j)
IIIXIIXZYIXY	(3.86140032067632e-07+0j)
IIZXIIXZYIXY	(-3.86140032067632e-07+0j)
IXYYIIIIIIIZ	(0.001403342115741999+0j)
IYYXIIIIIIIZ	(-0.001403342115741999+0j)
IXYYIIIIIIZX	(0.006020362810229722+0j)
IYYXIIIIIIZX	(-0.006020362810229722+0j)
IXYYIIIIIIIX	(-0.006020362810229722+0j)
IYYXIIIIIIIX	(0.006020362810229722+0j)
IXYYIIIIIYYX	(0.00813041699603273+0j)
IYYXIIIIIYYX	(-0.00813041699603273+0j)
IXYYIIIIIXYY	(-0.00813041699603273+0j)
IYYXIIIIIXYY	(0.00813041699603273+0j)
IXYYIIIIZIXX	(-0.007126554803583122+0j)
IYYXIIIIZIXX	(0.007126554803583122+0j)
IXYYIIIIIZYY	(-0.007126554803583122+0j)
IYYXIIIIIZYY	(0.007126554803583122+0j)
IXYYIIXYYIXX	(0.0008225522585827018+0j)
IYYXIIXYYIXX	(-0.0008225522585827018+0j)
IXYYIIXXYIXY	(-0.0008225522585827018+0j)
IYYXIIXXYIXY	(0.0008225522585827018+0j)
IXYYIIYIYIXX	(-0.0012378425395380838+0j)
IYYXIIYIYIXX	(0.0012378425395380838+0j)
IXYYIIXZYIXY	(0.0012378425395380838+0j)
IYYXIIXZYIXY	(-0.0012378425395380838+0j)
IZYYIIIIIIIZ	(-8.165671423514858e-07+0j)
ZIXXIIIIIIIZ	(-8.165671423514858e-07+0j)
IZYYIIIIIIZX	(-1.7971968742165584e-06+0j)
ZIXXIIIIIIZX	(-1.7971968742165584e-06+0j)
IZYYIIIIIIIX	(1.7971968742165584e-06+0j)
ZIXXIIIIIIIX	(1.7971968742165584e-06+0j)
IZYYIIIIIYYX	(0.002794226825957373+0j)
ZIXXIIIIIYYX	(0.002794226825957373+0j)
IZYYIIIIIXYY	(-0.002794226825957373+0j)
ZIXXIIIIIXYY	(-0.002794226825957373+0j)
IZYYIIIIZIXX	(-1.0189388522227396e-06+0j)
ZIXXIIIIZIXX	(-1.0189388522227396e-06+0j)
IZYYIIIIIZYY	(-1.0189388522227396e-06+0j)
ZIXXIIIIIZYY	(-1.0189388522227396e-06+0j)
IZYYIIXYYIXX	(-0.0007102334761071388+0j)
ZIXXIIXYYIXX	(-0.0007102334761071388+0j)
IZYYIIXXYIXY	(0.0007102334761071388+0j)
ZIXXIIXXYIXY	(0.0007102334761071388+0j)
IZYYIIYIYIXX	(1.0999454008803342e-06+0j)
ZIXXIIYIYIXX	(1.0999454008803342e-06+0j)
IZYYIIXZYIXY	(-1.0999454008803342e-06+0j)
ZIXXIIXZYIXY	(-1.0999454008803342e-06+0j)
IIZZIIIIIIIZ	(0.12037934835271141+0j)
IIZZIIIIIIZX	(-0.006195320185944196+0j)
IIZZIIIIIIIX	(0.006195320185944196+0j)
IIZZIIIIIYYX	(0.008425277737604731+0j)
IIZZIIIIIXYY	(-0.008425277737604731+0j)
IIZZIIIIZIXX	(0.004326289389891974+0j)
IIZZIIIIIZYY	(0.004326289389891974+0j)
IIZZIIXYYIXX	(-0.0017387910058463316+0j)
IIZZIIXXYIXY	(0.0017387910058463316+0j)
IIZZIIYIYIXX	(-0.017014392595960305+0j)
IIZZIIXZYIXY	(0.017014392595960305+0j)
IXXIIIIIIIIZ	(0.020406780125744838+0j)
IYYZIIIIIIIZ	(0.020406780125744838+0j)
IXXIIIIIIIZX	(0.006064119132726336+0j)
IYYZIIIIIIZX	(0.006064119132726336+0j)
IXXIIIIIIIIX	(-0.006064119132726336+0j)
IYYZIIIIIIIX	(-0.006064119132726336+0j)
IXXIIIIIIYYX	(-0.007126592334847408+0j)
IYYZIIIIIYYX	(-0.007126592334847408+0j)
IXXIIIIIIXYY	(0.007126592334847408+0j)
IYYZIIIIIXYY	(0.007126592334847408+0j)
IXXIIIIIZIXX	(-0.004544890952156119+0j)
IYYZIIIIZIXX	(-0.004544890952156119+0j)
IXXIIIIIIZYY	(-0.004544890952156119+0j)
IYYZIIIIIZYY	(-0.004544890952156119+0j)
IXXIIIXYYIXX	(0.0006348495591312602+0j)
IYYZIIXYYIXX	(0.0006348495591312602+0j)
IXXIIIXXYIXY	(-0.0006348495591312602+0j)
IYYZIIXXYIXY	(-0.0006348495591312602+0j)
IXXIIIYIYIXX	(-0.01800309816923163+0j)
IYYZIIYIYIXX	(-0.01800309816923163+0j)
IXXIIIXZYIXY	(0.01800309816923163+0j)
IYYZIIXZYIXY	(0.01800309816923163+0j)
IZXIIIIIIIIZ	(-1.173487402577704e-06+0j)
ZIXZIIIIIIIZ	(1.173487402577704e-06+0j)
IZXIIIIIIIZX	(2.964425143246962e-07+0j)
ZIXZIIIIIIZX	(-2.964425143246962e-07+0j)
IZXIIIIIIIIX	(-2.964425143246962e-07+0j)
ZIXZIIIIIIIX	(2.964425143246962e-07+0j)
IZXIIIIIIYYX	(-1.0189429922221352e-06+0j)
ZIXZIIIIIYYX	(1.0189429922221352e-06+0j)
IZXIIIIIIXYY	(1.0189429922221352e-06+0j)
ZIXZIIIIIXYY	(-1.0189429922221352e-06+0j)
IZXIIIIIZIXX	(0.0027948763802870735+0j)
ZIXZIIIIZIXX	(-0.0027948763802870735+0j)
IZXIIIIIIZYY	(0.0027948763802870735+0j)
ZIXZIIIIIZYY	(-0.0027948763802870735+0j)
IZXIIIXYYIXX	(-0.01033051899071663+0j)
ZIXZIIXYYIXX	(0.01033051899071663+0j)
IZXIIIXXYIXY	(0.01033051899071663+0j)
ZIXZIIXXYIXY	(-0.01033051899071663+0j)
IZXIIIYIYIXX	(1.6491243762771203e-06+0j)
ZIXZIIYIYIXX	(-1.6491243762771203e-06+0j)
IZXIIIXZYIXY	(-1.6491243762771203e-06+0j)
ZIXZIIXZYIXY	(1.6491243762771203e-06+0j)
IZIIIIIIIIIZ	(0.12266101789781983+0j)
IZIIIIIIIIZX	(-0.004201604747280337+0j)
IZIIIIIIIIIX	(0.004201604747280337+0j)
IZIIIIIIIYYX	(0.004308667277449805+0j)
IZIIIIIIIXYY	(-0.004308667277449805+0j)
IZIIIIIIZIXX	(0.0033306945637369273+0j)
IZIIIIIIIZYY	(0.0033306945637369273+0j)
IZIIIIXYYIXX	(-0.003473025313618985+0j)
IZIIIIXXYIXY	(0.003473025313618985+0j)
IZIIIIYIYIXX	(-0.02047020664490492+0j)
IZIIIIXZYIXY	(0.02047020664490492+0j)
IXIIIIIIIIIZ	(4.286737504561847e-07+0j)
ZXZIIIIIIIIZ	(-4.286737504561847e-07+0j)
IXIIIIIIIIZX	(-0.0007747335469951253+0j)
ZXZIIIIIIIZX	(0.0007747335469951253+0j)
IXIIIIIIIIIX	(0.0007747335469951253+0j)
ZXZIIIIIIIIX	(-0.0007747335469951253+0j)
IXIIIIIIIYYX	(0.0016458130066733692+0j)
ZXZIIIIIIYYX	(-0.0016458130066733692+0j)
IXIIIIIIIXYY	(-0.0016458130066733692+0j)
ZXZIIIIIIXYY	(0.0016458130066733692+0j)
IXIIIIIIZIXX	(0.023943660759896755+0j)
ZXZIIIIIZIXX	(-0.023943660759896755+0j)
IXIIIIIIIZYY	(0.023943660759896755+0j)
ZXZIIIIIIZYY	(-0.023943660759896755+0j)
IXIIIIXYYIXX	(0.002351169839042349+0j)
ZXZIIIXYYIXX	(-0.002351169839042349+0j)
IXIIIIXXYIXY	(-0.002351169839042349+0j)
ZXZIIIXXYIXY	(0.002351169839042349+0j)
IXIIIIYIYIXX	(-3.9626447092683424e-07+0j)
ZXZIIIYIYIXX	(3.9626447092683424e-07+0j)
IXIIIIXZYIXY	(3.9626447092683424e-07+0j)
ZXZIIIXZYIXY	(-3.9626447092683424e-07+0j)
ZZZIIIIIIIIZ	(0.11659024093424031+0j)
ZZZIIIIIIIZX	(9.32162547644161e-06+0j)
ZZZIIIIIIIIX	(-9.32162547644161e-06+0j)
ZZZIIIIIIYYX	(1.865535095222326e-06+0j)
ZZZIIIIIIXYY	(-1.865535095222326e-06+0j)
ZZZIIIIIZIXX	(2.8201410131685527e-06+0j)
ZZZIIIIIIZYY	(2.8201410131685527e-06+0j)
ZZZIIIXYYIXX	(-5.63490543815307e-07+0j)
ZZZIIIXXYIXY	(5.63490543815307e-07+0j)
ZZZIIIYIYIXX	(-0.01617068724215392+0j)
ZZZIIIXZYIXY	(0.01617068724215392+0j)
IIIIIIIIIZZZ	(0.09992967617391485+0j)
IIIIIIIIZXIZ	(3.981299732318082e-08+0j)
IIIIIIIIIXZZ	(-3.981299732318082e-08+0j)
IIIIIIXYYXIZ	(-0.001488699781038666+0j)
IIIIIIXXYYIZ	(0.001488699781038666+0j)
IIIIIIYIYXIZ	(8.511549026847098e-07+0j)
IIIIIIXZYYIZ	(-8.511549026847098e-07+0j)
IIIIIIIIZZIZ	(0.09992969519619221+0j)
IIIIIIXYYZIZ	(0.021649075624864164+0j)
IIIIIIXXXIZZ	(0.021649075624864164+0j)
IIIIIIYIYZIZ	(-1.2575861156246268e-06+0j)
IIIIIIXZXIZZ	(-1.2575861156246268e-06+0j)
IIIIIIIZIIZZ	(0.10509038156132673+0j)
IIIIIIZXIIZZ	(-0.0020641135778118763+0j)
IIIIIIIXIIZZ	(0.0020641135778118763+0j)
IIIIIIZZIIZZ	(0.10193716282618949+0j)
IIIIIIXYYZXZ	(-0.0007005286799609234+0j)
IIIIIIXXYZYI	(0.0007005286799609234+0j)
IIIIIIYIYZXZ	(-4.0356111379389725e-06+0j)
IIIIIIXZYZYI	(4.0356111379389725e-06+0j)
IIIIIIIIZXXZ	(7.048644692323348e-08+0j)
IIIIIIIIZYYI	(7.048644692323348e-08+0j)
IIIIIIXYYXXZ	(-3.176690699269072e-08+0j)
IIIIIIXYXXYZ	(2.606930512715107e-08+0j)
IIIIIIXXYXYI	(2.606930512715107e-08+0j)
IIIIIIXXXXXI	(3.176690699269072e-08+0j)
IIIIIIYIYXXZ	(-1.5960319803352396e-08+0j)
IIIIIIXZXYYZ	(1.425634002511075e-08+0j)
IIIIIIYIYYYI	(-1.425634002511075e-08+0j)
IIIIIIXZXXXI	(1.5960319803352396e-08+0j)
IIIIIIIZIYYZ	(-9.462607096558611e-05+0j)
IIIIIIIZIXXI	(-9.462607096558611e-05+0j)
IIIIIIZXIYYZ	(0.003465583042609532+0j)
IIIIIIIXIYYZ	(-0.003465509701671488+0j)
IIIIIIZYIXYZ	(-7.334093804435473e-08+0j)
IIIIIIIYIYXI	(-7.334093804435473e-08+0j)
IIIIIIZXIXXI	(0.003465509701671488+0j)
IIIIIIIXIXXI	(-0.003465583042609532+0j)
IIIIIIZZIYYZ	(-2.142113357964989e-06+0j)
IIIIIIZZIXXI	(-2.142113357964989e-06+0j)
IIIIIIXYXZYZ	(-0.0007006021331133082+0j)
IIIIIIXXXZXI	(-0.0007006021331133082+0j)
IIIIIIYIXZYZ	(-4.049185087938575e-06+0j)
IIIIIIXZXZXI	(-4.049185087938575e-06+0j)
IIIIIIIZZIXZ	(-0.00046776250690647126+0j)
IIIIIIIZIZXI	(0.00046776250690647126+0j)
IIIIIIZXZIXZ	(0.00349175932188846+0j)
IIIIIIIXZIXZ	(-0.0034907712908137153+0j)
IIIIIIZYIZYZ	(9.880310747442298e-07+0j)
IIIIIIIYZIYI	(9.880310747442298e-07+0j)
IIIIIIZXIZXI	(-0.0034907712908137153+0j)
IIIIIIIXIZXI	(0.00349175932188846+0j)
IIIIIIZZZIXZ	(3.568438870007859e-07+0j)
IIIIIIZZIZXI	(-3.568438870007859e-07+0j)
IIIIIIYZYIXZ	(0.0022499341596766073+0j)
IIIIIIXIYIYI	(-0.0022499341596766073+0j)
IIIIIIYXYIXZ	(-0.0006128971579572141+0j)
IIIIIIYYYIYI	(-0.0006128971579572141+0j)
IIIIIZIIIIZZ	(0.12037963054825324+0j)
IIIIIZIIIYYZ	(-1.544781227924561e-07+0j)
IIIIIZIIIXXI	(-1.544781227924561e-07+0j)
IIIIIZXYYIXZ	(-0.0006603876819231822+0j)
IIIIIZXXYIYI	(0.0006603876819231822+0j)
IIIIIZYIYIXZ	(-3.7622402558874197e-06+0j)
IIIIIZXZYIYI	(3.7622402558874197e-06+0j)
IIIIIXIIIIZZ	(-0.011080400015432312+0j)
IIIIZXZIZIZZ	(0.011080400015432312+0j)
IIIIIXIIIYYZ	(0.007536024687813154+0j)
IIIIZXZIZYYZ	(-0.007536024687813154+0j)
IIIIIXIIIXXI	(0.007536024687813154+0j)
IIIIZXZIZXXI	(-0.007536024687813154+0j)
IIIIIXIIZIXZ	(-0.004904627603820797+0j)
IIIIZXZIIIXZ	(0.004904627603820797+0j)
IIIIIXIIIZXI	(0.004904627603820797+0j)
IIIIZXZIZZXI	(-0.004904627603820797+0j)
IIIIIXXYYIXZ	(0.0035850998350114983+0j)
IIIIZXYYXIXZ	(-0.0035850998350114983+0j)
IIIIIXXXYIYI	(-0.0035850998350114983+0j)
IIIIZXYXXIYI	(0.0035850998350114983+0j)
IIIIIXYIYIXZ	(-0.0027974791767097747+0j)
IIIIZXXIXIXZ	(-0.0027974791767097747+0j)
IIIIIXXZYIYI	(0.0027974791767097747+0j)
IIIIZXYZXIYI	(-0.0027974791767097747+0j)
XIXXYYZIZIZZ	(0.00753601226331327+0j)
XIXYYXZIZIZZ	(-0.00753601226331327+0j)
XIXXYYZIZYYZ	(0.004885253851189195+0j)
XIXYYXZIZYYZ	(-0.004885253851189195+0j)
XIXXYYZIZXXI	(0.004885253851189195+0j)
XIXYYXZIZXXI	(-0.004885253851189195+0j)
XIXXYYZIIIXZ	(0.006671574652666433+0j)
XIXYYXZIIIXZ	(-0.006671574652666433+0j)
XIXXYYZIZZXI	(-0.006671574652666433+0j)
XIXYYXZIZZXI	(0.006671574652666433+0j)
XIXXYYYYXIXZ	(-0.006020358948111919+0j)
XIXYYXYYXIXZ	(0.006020358948111919+0j)
XIXXYYYXXIYI	(0.006020358948111919+0j)
XIXYYXYXXIYI	(-0.006020358948111919+0j)
XIXXYYXIXIXZ	(-1.7971943298791662e-06+0j)
XIXYYXXIXIXZ	(1.7971943298791662e-06+0j)
XIXXYYYZXIYI	(-1.7971943298791662e-06+0j)
XIXYYXYZXIYI	(1.7971943298791662e-06+0j)
XIXZYYZIZIZZ	(0.004904633426889963+0j)
XIYIYXZIZIZZ	(-0.004904633426889963+0j)
XIXZYYZIZYYZ	(-0.00667154716449217+0j)
XIYIYXZIZYYZ	(0.00667154716449217+0j)
XIXZYYZIZXXI	(-0.00667154716449217+0j)
XIYIYXZIZXXI	(0.00667154716449217+0j)
XIXZYYZIIIXZ	(-0.0061954149143657565+0j)
XIYIYXZIIIXZ	(0.0061954149143657565+0j)
XIXZYYZIZZXI	(0.0061954149143657565+0j)
XIYIYXZIZZXI	(-0.0061954149143657565+0j)
XIXZYYYYXIXZ	(0.006064076624218443+0j)
XIYIYXYYXIXZ	(-0.006064076624218443+0j)
XIXZYYYXXIYI	(-0.006064076624218443+0j)
XIYIYXYXXIYI	(0.006064076624218443+0j)
XIXZYYXIXIXZ	(-2.964419962920131e-07+0j)
XIYIYXXIXIXZ	(2.964419962920131e-07+0j)
XIXZYYYZXIYI	(-2.964419962920131e-07+0j)
XIYIYXYZXIYI	(2.964419962920131e-07+0j)
XXZIYYZIZIZZ	(0.0013718110937967283+0j)
XYZIYXZIZIZZ	(-0.0013718110937967283+0j)
XXZIYYZIZYYZ	(-0.0023020303230726247+0j)
XYZIYXZIZYYZ	(0.0023020303230726247+0j)
XXZIYYZIZXXI	(-0.0023020303230726247+0j)
XYZIYXZIZXXI	(0.0023020303230726247+0j)
XXZIYYZIIIXZ	(-0.0023187362829380086+0j)
XYZIYXZIIIXZ	(0.0023187362829380086+0j)
XXZIYYZIZZXI	(0.0023187362829380086+0j)
XYZIYXZIZZXI	(-0.0023187362829380086+0j)
XXZIYYYYXIXZ	(0.0008021958509162455+0j)
XYZIYXYYXIXZ	(-0.0008021958509162455+0j)
XXZIYYYXXIYI	(-0.0008021958509162455+0j)
XYZIYXYXXIYI	(0.0008021958509162455+0j)
XXZIYYXIXIXZ	(0.0003342630102892949+0j)
XYZIYXXIXIXZ	(-0.0003342630102892949+0j)
XXZIYYYZXIYI	(0.0003342630102892949+0j)
XYZIYXYZXIYI	(-0.0003342630102892949+0j)
XZZIYYZIZIZZ	(0.017013389273968185+0j)
YIIIYXZIZIZZ	(-0.017013389273968185+0j)
XZZIYYZIZYYZ	(6.81033442310879e-07+0j)
YIIIYXZIZYYZ	(-6.81033442310879e-07+0j)
XZZIYYZIZXXI	(6.81033442310879e-07+0j)
YIIIYXZIZXXI	(-6.81033442310879e-07+0j)
XZZIYYZIIIXZ	(-1.1317117131998908e-07+0j)
YIIIYXZIIIXZ	(1.1317117131998908e-07+0j)
XZZIYYZIZZXI	(1.1317117131998908e-07+0j)
YIIIYXZIZZXI	(-1.1317117131998908e-07+0j)
XZZIYYYYXIXZ	(-0.0005825481082873987+0j)
YIIIYXYYXIXZ	(0.0005825481082873987+0j)
XZZIYYYXXIYI	(0.0005825481082873987+0j)
YIIIYXYXXIYI	(-0.0005825481082873987+0j)
XZZIYYXIXIXZ	(5.424943883738108e-06+0j)
YIIIYXXIXIXZ	(-5.424943883738108e-06+0j)
XZZIYYYZXIYI	(5.424943883738108e-06+0j)
YIIIYXYZXIYI	(-5.424943883738108e-06+0j)
IIIIZZZIZIZZ	(0.13242141818606895+0j)
IIIIZZZIZYYZ	(-0.0043141467583805585+0j)
IIIIZZZIZXXI	(-0.0043141467583805585+0j)
IIIIZZZIIIXZ	(0.004033128002571542+0j)
IIIIZZZIZZXI	(-0.004033128002571542+0j)
IIIIZZYYXIXZ	(-0.003677128307104297+0j)
IIIIZZYXXIYI	(0.003677128307104297+0j)
IIIIZZXIXIXZ	(-0.005972967488209544+0j)
IIIIZZYZXIYI	(-0.005972967488209544+0j)
XIXXXIIIIIZZ	(-0.0043141467583805585+0j)
XIXYYZZIZIZZ	(-0.0043141467583805585+0j)
XIXXXIIIIYYZ	(0.009997712247675749+0j)
XIXYYZZIZYYZ	(0.009997712247675749+0j)
XIXXXIIIIXXI	(0.009997712247675749+0j)
XIXYYZZIZXXI	(0.009997712247675749+0j)
XIXXXIIIZIXZ	(0.002008229009459021+0j)
XIXYYZZIIIXZ	(0.002008229009459021+0j)
XIXXXIIIIZXI	(-0.002008229009459021+0j)
XIXYYZZIZZXI	(-0.002008229009459021+0j)
XIXXXIXYYIXZ	(-0.0021752231761663055+0j)
XIXYYZYYXIXZ	(-0.0021752231761663055+0j)
XIXXXIXXYIYI	(0.0021752231761663055+0j)
XIXYYZYXXIYI	(0.0021752231761663055+0j)
XIXXXIYIYIXZ	(-0.004063928537370323+0j)
XIXYYZXIXIXZ	(0.004063928537370323+0j)
XIXXXIXZYIYI	(0.004063928537370323+0j)
XIXYYZYZXIYI	(0.004063928537370323+0j)
XIXZXIIIIIZZ	(-0.004033128002571542+0j)
XIYIYZZIZIZZ	(-0.004033128002571542+0j)
XIXZXIIIIYYZ	(-0.002008229009459021+0j)
XIYIYZZIZYYZ	(-0.002008229009459021+0j)
XIXZXIIIIXXI	(-0.002008229009459021+0j)
XIYIYZZIZXXI	(-0.002008229009459021+0j)
XIXZXIIIZIXZ	(-0.009007932952654965+0j)
XIYIYZZIIIXZ	(-0.009007932952654965+0j)
XIXZXIIIIZXI	(0.009007932952654965+0j)
XIYIYZZIZZXI	(0.009007932952654965+0j)
XIXZXIXYYIXZ	(0.0024979520461090587+0j)
XIYIYZYYXIXZ	(0.0024979520461090587+0j)
XIXZXIXXYIYI	(-0.0024979520461090587+0j)
XIYIYZYXXIYI	(-0.0024979520461090587+0j)
XIXZXIYIYIXZ	(-0.0026454840483386235+0j)
XIYIYZXIXIXZ	(0.0026454840483386235+0j)
XIXZXIXZYIYI	(0.0026454840483386235+0j)
XIYIYZYZXIYI	(0.0026454840483386235+0j)
XXZIXIIIIIZZ	(-0.0036771283071042964+0j)
XYZIYZZIZIZZ	(-0.0036771283071042964+0j)
XXZIXIIIIYYZ	(-0.0021752231761663055+0j)
XYZIYZZIZYYZ	(-0.0021752231761663055+0j)
XXZIXIIIIXXI	(-0.0021752231761663055+0j)
XYZIYZZIZXXI	(-0.0021752231761663055+0j)
XXZIXIIIZIXZ	(-0.0024979520461090587+0j)
XYZIYZZIIIXZ	(-0.0024979520461090587+0j)
XXZIXIIIIZXI	(0.0024979520461090587+0j)
XYZIYZZIZZXI	(0.0024979520461090587+0j)
XXZIXIXYYIXZ	(0.007356014520148156+0j)
XYZIYZYYXIXZ	(0.007356014520148156+0j)
XXZIXIXXYIYI	(-0.007356014520148156+0j)
XYZIYZYXXIYI	(-0.007356014520148156+0j)
XXZIXIYIYIXZ	(-0.0018033374562588759+0j)
XYZIYZXIXIXZ	(0.0018033374562588759+0j)
XXZIXIXZYIYI	(0.0018033374562588759+0j)
XYZIYZYZXIYI	(0.0018033374562588759+0j)
XZZIXIIIIIZZ	(0.005972967488209545+0j)
YIIIYZZIZIZZ	(0.005972967488209545+0j)
XZZIXIIIIYYZ	(-0.004063928537370323+0j)
YIIIYZZIZYYZ	(-0.004063928537370323+0j)
XZZIXIIIIXXI	(-0.004063928537370323+0j)
YIIIYZZIZXXI	(-0.004063928537370323+0j)
XZZIXIIIZIXZ	(0.002645484048338624+0j)
YIIIYZZIIIXZ	(0.002645484048338624+0j)
XZZIXIIIIZXI	(-0.002645484048338624+0j)
YIIIYZZIZZXI	(-0.002645484048338624+0j)
XZZIXIXYYIXZ	(-0.0018033374562588763+0j)
YIIIYZYYXIXZ	(-0.0018033374562588763+0j)
XZZIXIXXYIYI	(0.0018033374562588763+0j)
YIIIYZYXXIYI	(0.0018033374562588763+0j)
XZZIXIYIYIXZ	(0.011883785103204725+0j)
YIIIYZXIXIXZ	(-0.011883785103204725+0j)
XZZIXIXZYIYI	(-0.011883785103204725+0j)
YIIIYZYZXIYI	(-0.011883785103204725+0j)
IIIZIIIIIIZZ	(0.1099273884215906+0j)
IIIZIIIIIYYZ	(0.005581877195028034+0j)
IIIZIIIIIXXI	(0.005581877195028034+0j)
IIIZIIIIZIXZ	(0.002127678274617517+0j)
IIIZIIIIIZXI	(-0.002127678274617517+0j)
IIIZIIXYYIXZ	(-0.0028621230403510405+0j)
IIIZIIXXYIYI	(0.0028621230403510405+0j)
IIIZIIYIYIXZ	(-0.002637197438351763+0j)
IIIZIIXZYIYI	(0.002637197438351763+0j)
IIIXIIIIIIZZ	(0.0020081891964616977+0j)
IIZXIIIIIIZZ	(-0.0020081891964616977+0j)
IIIXIIIIIYYZ	(0.002127671935173704+0j)
IIZXIIIIIYYZ	(-0.002127671935173704+0j)
IIIXIIIIIXXI	(0.002127671935173704+0j)
IIZXIIIIIXXI	(-0.002127671935173704+0j)
IIIXIIIIZIXZ	(-0.0012677274233105207+0j)
IIZXIIIIZIXZ	(0.0012677274233105207+0j)
IIIXIIIIIZXI	(0.0012677274233105207+0j)
IIZXIIIIIZXI	(-0.0012677274233105207+0j)
IIIXIIXYYIXZ	(0.0010725887601432788+0j)
IIZXIIXYYIXZ	(-0.0010725887601432788+0j)
IIIXIIXXYIYI	(-0.0010725887601432788+0j)
IIZXIIXXYIYI	(0.0010725887601432788+0j)
IIIXIIYIYIXZ	(-0.0035969669304209556+0j)
IIZXIIYIYIXZ	(0.0035969669304209556+0j)
IIIXIIXZYIYI	(0.0035969669304209556+0j)
IIZXIIXZYIYI	(-0.0035969669304209556+0j)
IXYYIIIIIIZZ	(-0.0006865233951276396+0j)
IYYXIIIIIIZZ	(0.0006865233951276396+0j)
IXYYIIIIIYYZ	(-0.0021615943603901172+0j)
IYYXIIIIIYYZ	(0.0021615943603901172+0j)
IXYYIIIIIXXI	(-0.0021615943603901172+0j)
IYYXIIIIIXXI	(0.0021615943603901172+0j)
IXYYIIIIZIXZ	(0.001072614829448406+0j)
IYYXIIIIZIXZ	(-0.001072614829448406+0j)
IXYYIIIIIZXI	(-0.001072614829448406+0j)
IYYXIIIIIZXI	(0.001072614829448406+0j)
IXYYIIXYYIXZ	(-0.0008271098519185589+0j)
IYYXIIXYYIXZ	(0.0008271098519185589+0j)
IXYYIIXXYIYI	(0.0008271098519185589+0j)
IYYXIIXXYIYI	(-0.0008271098519185589+0j)
IXYYIIYIYIXZ	(0.0030274017748551127+0j)
IYYXIIYIYIXZ	(-0.0030274017748551127+0j)
IXYYIIXZYIYI	(-0.0030274017748551127+0j)
IYYXIIXZYIYI	(0.0030274017748551127+0j)
IZYYIIIIIIZZ	(-0.004064779692273007+0j)
ZIXXIIIIIIZZ	(-0.004064779692273007+0j)
IZYYIIIIIYYZ	(-0.0026331618272138237+0j)
ZIXXIIIIIYYZ	(-0.0026331618272138237+0j)
IZYYIIIIIXXI	(-0.0026331618272138237+0j)
ZIXXIIIIIXXI	(-0.0026331618272138237+0j)
IZYYIIIIZIXZ	(-0.003596965226441178+0j)
ZIXXIIIIZIXZ	(-0.003596965226441178+0j)
IZYYIIIIIZXI	(0.003596965226441178+0j)
ZIXXIIIIIZXI	(0.003596965226441178+0j)
IZYYIIXYYIXZ	(0.003027475115793157+0j)
ZIXXIIXYYIXZ	(0.003027475115793157+0j)
IZYYIIXXYIYI	(-0.003027475115793157+0j)
ZIXXIIXXYIYI	(-0.003027475115793157+0j)
IZYYIIYIYIXZ	(-1.7972307604518354e-06+0j)
ZIXXIIYIYIXZ	(-1.7972307604518354e-06+0j)
IZYYIIXZYIYI	(1.7972307604518354e-06+0j)
ZIXXIIXZYIYI	(1.7972307604518354e-06+0j)
IIZZIIIIIIZZ	(0.10893762814884717+0j)
IIZZIIIIIYYZ	(-0.001267797909757444+0j)
IIZZIIIIIXXI	(-0.001267797909757444+0j)
IIZZIIIIZIXZ	(-0.006160780265791925+0j)
IIZZIIIIIZXI	(0.006160780265791925+0j)
IIZZIIXYYIXZ	(0.005029606309728333+0j)
IIZZIIXXYIYI	(-0.005029606309728333+0j)
IIZZIIYIYIXZ	(-0.0033444695748004335+0j)
IIZZIIXZYIYI	(0.0033444695748004335+0j)
IXXIIIIIIIZZ	(0.019151123578755105+0j)
IYYZIIIIIIZZ	(0.019151123578755105+0j)
IXXIIIIIIYYZ	(0.0010726205270502713+0j)
IYYZIIIIIYYZ	(0.0010726205270502713+0j)
IXXIIIIIIXXI	(0.0010726205270502713+0j)
IYYZIIIIIXXI	(0.0010726205270502713+0j)
IXXIIIIIZIXZ	(0.005730208442841641+0j)
IYYZIIIIZIXZ	(0.005730208442841641+0j)
IXXIIIIIIZXI	(-0.005730208442841641+0j)
IYYZIIIIIZXI	(-0.005730208442841641+0j)
IXXIIIXYYIXZ	(-0.005172105615978114+0j)
IYYZIIXYYIXZ	(-0.005172105615978114+0j)
IXXIIIXXYIYI	(0.005172105615978114+0j)
IYYZIIXXYIYI	(0.005172105615978114+0j)
IXXIIIYIYIXZ	(0.0030479954284035704+0j)
IYYZIIYIYIXZ	(0.0030479954284035704+0j)
IXXIIIXZYIYI	(-0.0030479954284035704+0j)
IYYZIIXZYIYI	(-0.0030479954284035704+0j)
IZXIIIIIIIZZ	(0.002644226462222999+0j)
ZIXZIIIIIIZZ	(-0.002644226462222999+0j)
IZXIIIIIIYYZ	(-0.0035969509701011524+0j)
ZIXZIIIIIYYZ	(0.0035969509701011524+0j)
IZXIIIIIIXXI	(-0.0035969509701011524+0j)
ZIXZIIIIIXXI	(0.0035969509701011524+0j)
IZXIIIIIZIXZ	(-0.0033404203897124955+0j)
ZIXZIIIIZIXZ	(0.0033404203897124955+0j)
IZXIIIIIIZXI	(0.0033404203897124955+0j)
ZIXZIIIIIZXI	(-0.0033404203897124955+0j)
IZXIIIXYYIXZ	(0.0030489834594783147+0j)
ZIXZIIXYYIXZ	(-0.0030489834594783147+0j)
IZXIIIXXYIYI	(-0.0030489834594783147+0j)
ZIXZIIXXYIYI	(0.0030489834594783147+0j)
IZXIIIYIYIXZ	(3.04248099952108e-07+0j)
ZIXZIIYIYIXZ	(-3.04248099952108e-07+0j)
IZXIIIXZYIYI	(-3.04248099952108e-07+0j)
ZIXZIIXZYIYI	(3.04248099952108e-07+0j)
IZIIIIIIIIZZ	(0.11244639608147489+0j)
IZIIIIIIIYYZ	(-0.0009217359228841449+0j)
IZIIIIIIIXXI	(-0.0009217359228841449+0j)
IZIIIIIIZIXZ	(-0.005639868122884585+0j)
IZIIIIIIIZXI	(0.005639868122884585+0j)
IZIIIIXYYIXZ	(0.004120327186081491+0j)
IZIIIIXXYIYI	(-0.004120327186081491+0j)
IZIIIIYIYIXZ	(-0.004952223336509669+0j)
IZIIIIXZYIYI	(0.004952223336509669+0j)
IXIIIIIIIIZZ	(0.0038674510340707523+0j)
ZXZIIIIIIIZZ	(-0.0038674510340707523+0j)
IXIIIIIIIYYZ	(-0.006492984817464645+0j)
ZXZIIIIIIYYZ	(0.006492984817464645+0j)
IXIIIIIIIXXI	(-0.006492984817464645+0j)
ZXZIIIIIIXXI	(0.006492984817464645+0j)
IXIIIIIIZIXZ	(-0.00653975475029203+0j)
ZXZIIIIIZIXZ	(0.00653975475029203+0j)
IXIIIIIIIZXI	(0.00653975475029203+0j)
ZXZIIIIIIZXI	(-0.00653975475029203+0j)
IXIIIIXYYIXZ	(0.007202157496186274+0j)
ZXZIIIXYYIXZ	(-0.007202157496186274+0j)
IXIIIIXXYIYI	(-0.007202157496186274+0j)
ZXZIIIXXYIYI	(0.007202157496186274+0j)
IXIIIIYIYIXZ	(-0.00015759644249140517+0j)
ZXZIIIYIYIXZ	(0.00015759644249140517+0j)
IXIIIIXZYIYI	(0.00015759644249140517+0j)
ZXZIIIXZYIYI	(-0.00015759644249140517+0j)
ZZZIIIIIIIZZ	(0.1138209479293942+0j)
ZZZIIIIIIYYZ	(-3.939344118416959e-06+0j)
ZZZIIIIIIXXI	(-3.939344118416959e-06+0j)
ZZZIIIIIZIXZ	(6.610919869527951e-07+0j)
ZZZIIIIIIZXI	(-6.610919869527951e-07+0j)
ZZZIIIXYYIXZ	(-0.0004553007154658085+0j)
ZZZIIIXXYIYI	(0.0004553007154658085+0j)
ZZZIIIYIYIXZ	(-7.367968695649377e-07+0j)
ZZZIIIXZYIYI	(7.367968695649377e-07+0j)
IIIIIIIIZIZI	(0.0999295726896569+0j)
IIIIIIXYYIZI	(0.021649076884472648+0j)
IIIIIIXXXZII	(0.021649076884472648+0j)
IIIIIIYIYIZI	(-1.2261343049436903e-06+0j)
IIIIIIXZXZII	(-1.2261343049436903e-06+0j)
IIIIIIIZIZII	(0.10551858348860628+0j)
IIIIIIZXIZII	(0.00467983929196238+0j)
IIIIIIIXIZII	(-0.00467983929196238+0j)
IIIIIIZZIZII	(0.10193330103580485+0j)
IIIIIIXYXYII	(-0.0014887169288190854+0j)
IIIIIIXXXXII	(-0.0014887169288190854+0j)
IIIIIIYIXYII	(8.350788450542119e-07+0j)
IIIIIIXZXXII	(8.350788450542119e-07+0j)
IIIIIIIZZXZI	(0.00022543404636456187+0j)
IIIIIIIZIXII	(-0.00022543404636456187+0j)
IIIIIIZXZXZI	(0.004102115914115769+0j)
IIIIIIIXZXZI	(-0.004102340076524633+0j)
IIIIIIZYIYII	(-2.241624088665235e-07+0j)
IIIIIIIYZYZI	(-2.241624088665235e-07+0j)
IIIIIIZXIXII	(-0.004102340076524633+0j)
IIIIIIIXIXII	(0.004102115914115769+0j)
IIIIIIZZZXZI	(1.2145865177402173e-06+0j)
IIIIIIZZIXII	(-1.2145865177402173e-06+0j)
IIIIIIYZYXZI	(0.0023126818919229184+0j)
IIIIIIXIYYZI	(-0.0023126818919229184+0j)
IIIIIIYXYXZI	(-0.0013027144615154194+0j)
IIIIIIYYYYZI	(-0.0013027144615154194+0j)
IIIIIZIIIZII	(0.12037931520218537+0j)
IIIIIZIIZXZI	(8.840803176628581e-08+0j)
IIIIIZIIIXII	(-8.840803176628581e-08+0j)
IIIIIZXYYXZI	(-0.001403342115741999+0j)
IIIIIZXXYYZI	(0.001403342115741999+0j)
IIIIIZYIYXZI	(8.165671423514859e-07+0j)
IIIIIZXZYYZI	(-8.165671423514859e-07+0j)
IIIIIXIIIZII	(0.004885132951884869+0j)
IIIIZXZIZZII	(-0.004885132951884869+0j)
IIIIIXIIZXZI	(-0.00667157793413801+0j)
IIIIZXZIIXZI	(0.00667157793413801+0j)
IIIIIXIIIXII	(0.00667157793413801+0j)
IIIIZXZIZXII	(-0.00667157793413801+0j)
IIIIIXXYYXZI	(0.006020362810229722+0j)
IIIIZXYYXXZI	(-0.006020362810229722+0j)
IIIIIXXXYYZI	(-0.006020362810229722+0j)
IIIIZXYXXYZI	(0.006020362810229722+0j)
IIIIIXYIYXZI	(-1.7971968742165586e-06+0j)
IIIIZXXIXXZI	(-1.7971968742165586e-06+0j)
IIIIIXXZYYZI	(1.7971968742165586e-06+0j)
IIIIZXYZXYZI	(-1.7971968742165586e-06+0j)
XIXXYYZIZZII	(0.0008892440179561387+0j)
XIXYYXZIZZII	(-0.0008892440179561387+0j)
XIXXYYZIIXZI	(-0.009230987541086836+0j)
XIXYYXZIIXZI	(0.009230987541086836+0j)
XIXXYYZIZXII	(0.009230987541086836+0j)
XIXYYXZIZXII	(-0.009230987541086836+0j)
XIXXYYYYXXZI	(0.008130416996032728+0j)
XIXYYXYYXXZI	(-0.008130416996032728+0j)
XIXXYYYXXYZI	(-0.008130416996032728+0j)
XIXYYXYXXYZI	(0.008130416996032728+0j)
XIXXYYXIXXZI	(-0.0027942268259573727+0j)
XIXYYXXIXXZI	(0.0027942268259573727+0j)
XIXXYYYZXYZI	(-0.0027942268259573727+0j)
XIXYYXYZXYZI	(0.0027942268259573727+0j)
XIXZYYZIZZII	(-0.00923092106438284+0j)
XIYIYXZIZZII	(0.00923092106438284+0j)
XIXZYYZIIXZI	(-0.008425234306040032+0j)
XIYIYXZIIXZI	(0.008425234306040032+0j)
XIXZYYZIZXII	(0.008425234306040032+0j)
XIYIYXZIZXII	(-0.008425234306040032+0j)
XIXZYYYYXXZI	(0.007126554803583122+0j)
XIYIYXYYXXZI	(-0.007126554803583122+0j)
XIXZYYYXXYZI	(-0.007126554803583122+0j)
XIYIYXYXXYZI	(0.007126554803583122+0j)
XIXZYYXIXXZI	(-1.0189388522227396e-06+0j)
XIYIYXXIXXZI	(1.0189388522227396e-06+0j)
XIXZYYYZXYZI	(-1.0189388522227396e-06+0j)
XIYIYXYZXYZI	(1.0189388522227396e-06+0j)
XXZIYYZIZZII	(-0.0031079196495456146+0j)
XYZIYXZIZZII	(0.0031079196495456146+0j)
XXZIYYZIIXZI	(-0.0027250306991216254+0j)
XYZIYXZIIXZI	(0.0027250306991216254+0j)
XXZIYYZIZXII	(0.0027250306991216254+0j)
XYZIYXZIZXII	(-0.0027250306991216254+0j)
XXZIYYYYXXZI	(0.0008225522585827018+0j)
XYZIYXYYXXZI	(-0.0008225522585827018+0j)
XXZIYYYXXYZI	(-0.0008225522585827018+0j)
XYZIYXYXXYZI	(0.0008225522585827018+0j)
XXZIYYXIXXZI	(0.0007102334761071388+0j)
XYZIYXXIXXZI	(-0.0007102334761071388+0j)
XXZIYYYZXYZI	(0.0007102334761071388+0j)
XYZIYXYZXYZI	(-0.0007102334761071388+0j)
XZZIYYZIZZII	(0.017014624371116567+0j)
YIIIYXZIZZII	(-0.017014624371116567+0j)
XZZIYYZIIXZI	(-3.8614003206763203e-07+0j)
YIIIYXZIIXZI	(3.8614003206763203e-07+0j)
XZZIYYZIZXII	(3.8614003206763203e-07+0j)
YIIIYXZIZXII	(-3.8614003206763203e-07+0j)
XZZIYYYYXXZI	(-0.0012378425395380838+0j)
YIIIYXYYXXZI	(0.0012378425395380838+0j)
XZZIYYYXXYZI	(0.0012378425395380838+0j)
YIIIYXYXXYZI	(-0.0012378425395380838+0j)
XZZIYYXIXXZI	(-1.099945400880334e-06+0j)
YIIIYXXIXXZI	(1.099945400880334e-06+0j)
XZZIYYYZXYZI	(-1.099945400880334e-06+0j)
YIIIYXYZXYZI	(1.099945400880334e-06+0j)
IIIIZZZIZZII	(0.1099273884215906+0j)
IIIIZZZIIXZI	(-0.0020081891964616977+0j)
IIIIZZZIZXII	(0.0020081891964616977+0j)
IIIIZZYYXXZI	(0.0006865233951276395+0j)
IIIIZZYXXYZI	(-0.0006865233951276395+0j)
IIIIZZXIXXZI	(-0.004064779692273007+0j)
IIIIZZYZXYZI	(-0.004064779692273007+0j)
XIXXXIIIIZII	(0.005581877195028035+0j)
XIXYYZZIZZII	(0.005581877195028035+0j)
XIXXXIIIZXZI	(-0.002127671935173704+0j)
XIXYYZZIIXZI	(-0.002127671935173704+0j)
XIXXXIIIIXII	(0.002127671935173704+0j)
XIXYYZZIZXII	(0.002127671935173704+0j)
XIXXXIXYYXZI	(0.0021615943603901172+0j)
XIXYYZYYXXZI	(0.0021615943603901172+0j)
XIXXXIXXYYZI	(-0.0021615943603901172+0j)
XIXYYZYXXYZI	(-0.0021615943603901172+0j)
XIXXXIYIYXZI	(0.0026331618272138237+0j)
XIXYYZXIXXZI	(-0.0026331618272138237+0j)
XIXXXIXZYYZI	(-0.0026331618272138237+0j)
XIXYYZYZXYZI	(-0.0026331618272138237+0j)
XIXZXIIIIZII	(-0.002127678274617517+0j)
XIYIYZZIZZII	(-0.002127678274617517+0j)
XIXZXIIIZXZI	(-0.001267727423310521+0j)
XIYIYZZIIXZI	(-0.001267727423310521+0j)
XIXZXIIIIXII	(0.001267727423310521+0j)
XIYIYZZIZXII	(0.001267727423310521+0j)
XIXZXIXYYXZI	(0.001072614829448406+0j)
XIYIYZYYXXZI	(0.001072614829448406+0j)
XIXZXIXXYYZI	(-0.001072614829448406+0j)
XIYIYZYXXYZI	(-0.001072614829448406+0j)
XIXZXIYIYXZI	(-0.003596965226441178+0j)
XIYIYZXIXXZI	(0.003596965226441178+0j)
XIXZXIXZYYZI	(0.003596965226441178+0j)
XIYIYZYZXYZI	(0.003596965226441178+0j)
XXZIXIIIIZII	(-0.002862123040351041+0j)
XYZIYZZIZZII	(-0.002862123040351041+0j)
XXZIXIIIZXZI	(-0.0010725887601432788+0j)
XYZIYZZIIXZI	(-0.0010725887601432788+0j)
XXZIXIIIIXII	(0.0010725887601432788+0j)
XYZIYZZIZXII	(0.0010725887601432788+0j)
XXZIXIXYYXZI	(0.0008271098519185589+0j)
XYZIYZYYXXZI	(0.0008271098519185589+0j)
XXZIXIXXYYZI	(-0.0008271098519185589+0j)
XYZIYZYXXYZI	(-0.0008271098519185589+0j)
XXZIXIYIYXZI	(-0.003027475115793157+0j)
XYZIYZXIXXZI	(0.003027475115793157+0j)
XXZIXIXZYYZI	(0.003027475115793157+0j)
XYZIYZYZXYZI	(0.003027475115793157+0j)
XZZIXIIIIZII	(-0.002637197438351763+0j)
YIIIYZZIZZII	(-0.002637197438351763+0j)
XZZIXIIIZXZI	(0.0035969669304209556+0j)
YIIIYZZIIXZI	(0.0035969669304209556+0j)
XZZIXIIIIXII	(-0.0035969669304209556+0j)
YIIIYZZIZXII	(-0.0035969669304209556+0j)
XZZIXIXYYXZI	(-0.0030274017748551127+0j)
YIIIYZYYXXZI	(-0.0030274017748551127+0j)
XZZIXIXXYYZI	(0.0030274017748551127+0j)
YIIIYZYXXYZI	(0.0030274017748551127+0j)
XZZIXIYIYXZI	(1.7972307604518352e-06+0j)
YIIIYZXIXXZI	(-1.7972307604518352e-06+0j)
XZZIXIXZYYZI	(-1.7972307604518352e-06+0j)
YIIIYZYZXYZI	(-1.7972307604518352e-06+0j)
IIIZIIIIIZII	(0.12732768195282773+0j)
IIIZIIIIZXZI	(0.0020087133924740334+0j)
IIIZIIIIIXII	(-0.0020087133924740334+0j)
IIIZIIXYYXZI	(-0.0029311818012723073+0j)
IIIZIIXXYYZI	(0.0029311818012723073+0j)
IIIZIIYIYXZI	(0.0004791752753002352+0j)
IIIZIIXZYYZI	(-0.0004791752753002352+0j)
IIIXIIIIIZII	(-0.0020087133924740334+0j)
IIZXIIIIIZII	(0.0020087133924740334+0j)
IIIXIIIIZXZI	(-0.014101650705627826+0j)
IIZXIIIIZXZI	(0.014101650705627826+0j)
IIIXIIIIIXII	(0.014101650705627826+0j)
IIZXIIIIIXII	(-0.014101650705627826+0j)
IIIXIIXYYXZI	(0.006910389767148992+0j)
IIZXIIXYYXZI	(-0.006910389767148992+0j)
IIIXIIXXYYZI	(-0.006910389767148992+0j)
IIZXIIXXYYZI	(0.006910389767148992+0j)
IIIXIIYIYXZI	(0.004976640374449408+0j)
IIZXIIYIYXZI	(-0.004976640374449408+0j)
IIIXIIXZYYZI	(-0.004976640374449408+0j)
IIZXIIXZYYZI	(0.004976640374449408+0j)
IXYYIIIIIZII	(0.002931181801272307+0j)
IYYXIIIIIZII	(-0.002931181801272307+0j)
IXYYIIIIZXZI	(0.006910389767148991+0j)
IYYXIIIIZXZI	(-0.006910389767148991+0j)
IXYYIIIIIXII	(-0.006910389767148991+0j)
IYYXIIIIIXII	(0.006910389767148991+0j)
IXYYIIXYYXZI	(-0.010760433566413938+0j)
IYYXIIXYYXZI	(0.010760433566413938+0j)
IXYYIIXXYYZI	(0.010760433566413938+0j)
IYYXIIXXYYZI	(-0.010760433566413938+0j)
IXYYIIYIYXZI	(-0.0040887396553490095+0j)
IYYXIIYIYXZI	(0.0040887396553490095+0j)
IXYYIIXZYYZI	(0.0040887396553490095+0j)
IYYXIIXZYYZI	(-0.0040887396553490095+0j)
IZYYIIIIIZII	(-0.0004791752753002353+0j)
ZIXXIIIIIZII	(-0.0004791752753002353+0j)
IZYYIIIIZXZI	(0.004976640374449407+0j)
ZIXXIIIIZXZI	(0.004976640374449407+0j)
IZYYIIIIIXII	(-0.004976640374449407+0j)
ZIXXIIIIIXII	(-0.004976640374449407+0j)
IZYYIIXYYXZI	(-0.00408873965534901+0j)
ZIXXIIXYYXZI	(-0.00408873965534901+0j)
IZYYIIXXYYZI	(0.00408873965534901+0j)
ZIXXIIXXYYZI	(0.00408873965534901+0j)
IZYYIIYIYXZI	(-0.011880540770302008+0j)
ZIXXIIYIYXZI	(-0.011880540770302008+0j)
IZYYIIXZYYZI	(0.011880540770302008+0j)
ZIXXIIXZYYZI	(0.011880540770302008+0j)
IIZZIIIIIZII	(0.11403122339528472+0j)
IIZZIIIIZXZI	(-4.855324562534509e-07+0j)
IIZZIIIIIXII	(4.855324562534509e-07+0j)
IIZZIIXYYXZI	(-0.0009633492198442804+0j)
IIZZIIXXYYZI	(0.0009633492198442804+0j)
IIZZIIYIYXZI	(-0.004542104572194325+0j)
IIZZIIXZYYZI	(0.004542104572194325+0j)
IXXIIIIIIZII	(0.014738687117323653+0j)
IYYZIIIIIZII	(0.014738687117323653+0j)
IXXIIIIIZXZI	(0.0005253677089748049+0j)
IYYZIIIIZXZI	(0.0005253677089748049+0j)
IXXIIIIIIXII	(-0.0005253677089748049+0j)
IYYZIIIIIXII	(-0.0005253677089748049+0j)
IXXIIIXYYXZI	(-0.0018176041109363428+0j)
IYYZIIXYYXZI	(-0.0018176041109363428+0j)
IXXIIIXXYYZI	(0.0018176041109363428+0j)
IYYZIIXXYYZI	(0.0018176041109363428+0j)
IXXIIIYIYXZI	(0.0035846862925377064+0j)
IYYZIIYIYXZI	(0.0035846862925377064+0j)
IXXIIIXZYYZI	(-0.0035846862925377064+0j)
IYYZIIXZYYZI	(-0.0035846862925377064+0j)
IZXIIIIIIZII	(-0.004977866508754352+0j)
ZIXZIIIIIZII	(0.004977866508754352+0j)
IZXIIIIIZXZI	(-0.004542939651039378+0j)
ZIXZIIIIZXZI	(0.004542939651039378+0j)
IZXIIIIIIXII	(0.004542939651039378+0j)
ZIXZIIIIIXII	(-0.004542939651039378+0j)
IZXIIIXYYXZI	(0.0035844621301288396+0j)
ZIXZIIXYYXZI	(-0.0035844621301288396+0j)
IZXIIIXXYYZI	(-0.0035844621301288396+0j)
ZIXZIIXXYYZI	(0.0035844621301288396+0j)
IZXIIIYIYXZI	(1.0191017384800903e-06+0j)
ZIXZIIYIYXZI	(-1.0191017384800903e-06+0j)
IZXIIIXZYYZI	(-1.0191017384800903e-06+0j)
ZIXZIIXZYYZI	(1.0191017384800903e-06+0j)
IZIIIIIIIZII	(0.11627901705502022+0j)
IZIIIIIIZXZI	(-0.001592170064571781+0j)
IZIIIIIIIXII	(0.001592170064571781+0j)
IZIIIIXYYXZI	(-0.00041476144127807884+0j)
IZIIIIXXYYZI	(0.00041476144127807884+0j)
IZIIIIYIYXZI	(-0.005073269672465972+0j)
IZIIIIXZYYZI	(0.005073269672465972+0j)
IXIIIIIIIZII	(-0.008768578947311392+0j)
ZXZIIIIIIZII	(0.008768578947311392+0j)
IXIIIIIIZXZI	(-0.007686802206653475+0j)
ZXZIIIIIZXZI	(0.007686802206653475+0j)
IXIIIIIIIXII	(0.007686802206653475+0j)
ZXZIIIIIIXII	(-0.007686802206653475+0j)
IXIIIIXYYXZI	(0.00738595156438889+0j)
ZXZIIIXYYXZI	(-0.00738595156438889+0j)
IXIIIIXXYYZI	(-0.00738595156438889+0j)
ZXZIIIXXYYZI	(0.00738595156438889+0j)
IXIIIIYIYXZI	(-0.00033339785496346383+0j)
ZXZIIIYIYXZI	(0.00033339785496346383+0j)
IXIIIIXZYYZI	(0.00033339785496346383+0j)
ZXZIIIXZYYZI	(-0.00033339785496346383+0j)
ZZZIIIIIIZII	(0.11381384180610686+0j)
ZZZIIIIIZXZI	(2.2336882562202765e-06+0j)
ZZZIIIIIIXII	(-2.2336882562202765e-06+0j)
ZZZIIIXYYXZI	(-0.0009693166065519553+0j)
ZZZIIIXXYYZI	(0.0009693166065519553+0j)
ZZZIIIYIYXZI	(2.236210982020621e-07+0j)
ZZZIIIXZYYZI	(-2.236210982020621e-07+0j)
IIIIIIIZZZZI	(0.10091979483055058+0j)
IIIIIIZXZZZI	(-0.002616160947350683+0j)
IIIIIIIXZZZI	(0.002616160947350683+0j)
IIIIIIZZZZZI	(0.10193422921728858+0j)
IIIIIIYZYZZI	(-0.0017895081761042254+0j)
IIIIIIXIXIII	(-0.0017895081761042254+0j)
IIIIIIYXYZZI	(0.01893883055224467+0j)
IIIIIIYYXIII	(-0.01893883055224467+0j)
IIIIIZIIZZZI	(0.12037934835271141+0j)
IIIIIZXYYZZI	(0.02040678012574484+0j)
IIIIIZXXXIII	(0.02040678012574484+0j)
IIIIIZYIYZZI	(-1.1734874025777041e-06+0j)
IIIIIZXZXIII	(-1.1734874025777041e-06+0j)
IIIIIXIIZZZI	(0.0061953201859441965+0j)
IIIIZXZIIZZI	(-0.0061953201859441965+0j)
IIIIIXXYYZZI	(-0.006064119132726335+0j)
IIIIZXYYXZZI	(0.006064119132726335+0j)
IIIIIXXXXIII	(-0.006064119132726335+0j)
IIIIZXYXYIII	(-0.006064119132726335+0j)
IIIIIXYIYZZI	(-2.964425143246962e-07+0j)
IIIIZXXIXZZI	(-2.964425143246962e-07+0j)
IIIIIXXZXIII	(-2.964425143246962e-07+0j)
IIIIZXYZYIII	(-2.964425143246962e-07+0j)
XIXXYYZIIZZI	(-0.008425277737604731+0j)
XIXYYXZIIZZI	(0.008425277737604731+0j)
XIXXYYYYXZZI	(0.007126592334847408+0j)
XIXYYXYYXZZI	(-0.007126592334847408+0j)
XIXXYYYXYIII	(-0.007126592334847408+0j)
XIXYYXYXYIII	(0.007126592334847408+0j)
XIXXYYXIXZZI	(-1.018942992222135e-06+0j)
XIXYYXXIXZZI	(1.018942992222135e-06+0j)
XIXXYYYZYIII	(-1.018942992222135e-06+0j)
XIXYYXYZYIII	(1.018942992222135e-06+0j)
XIXZYYZIIZZI	(0.004326289389891974+0j)
XIYIYXZIIZZI	(-0.004326289389891974+0j)
XIXZYYYYXZZI	(-0.004544890952156119+0j)
XIYIYXYYXZZI	(0.004544890952156119+0j)
XIXZYYYXYIII	(0.004544890952156119+0j)
XIYIYXYXYIII	(-0.004544890952156119+0j)
XIXZYYXIXZZI	(-0.002794876380287074+0j)
XIYIYXXIXZZI	(0.002794876380287074+0j)
XIXZYYYZYIII	(-0.002794876380287074+0j)
XIYIYXYZYIII	(0.002794876380287074+0j)
XXZIYYZIIZZI	(0.0017387910058463316+0j)
XYZIYXZIIZZI	(-0.0017387910058463316+0j)
XXZIYYYYXZZI	(-0.0006348495591312602+0j)
XYZIYXYYXZZI	(0.0006348495591312602+0j)
XXZIYYYXYIII	(0.0006348495591312602+0j)
XYZIYXYXYIII	(-0.0006348495591312602+0j)
XXZIYYXIXZZI	(-0.01033051899071663+0j)
XYZIYXXIXZZI	(0.01033051899071663+0j)
XXZIYYYZYIII	(-0.01033051899071663+0j)
XYZIYXYZYIII	(0.01033051899071663+0j)
XZZIYYZIIZZI	(0.017014392595960305+0j)
YIIIYXZIIZZI	(-0.017014392595960305+0j)
XZZIYYYYXZZI	(0.018003098169231634+0j)
YIIIYXYYXZZI	(-0.018003098169231634+0j)
XZZIYYYXYIII	(-0.018003098169231634+0j)
YIIIYXYXYIII	(0.018003098169231634+0j)
XZZIYYXIXZZI	(1.6491243762771205e-06+0j)
YIIIYXXIXZZI	(-1.6491243762771205e-06+0j)
XZZIYYYZYIII	(1.6491243762771205e-06+0j)
YIIIYXYZYIII	(-1.6491243762771205e-06+0j)
IIIIZZZIIZZI	(0.10893762814884717+0j)
IIIIZZYYXZZI	(0.019151123578755102+0j)
IIIIZZYXYIII	(-0.019151123578755102+0j)
IIIIZZXIXZZI	(-0.002644226462222999+0j)
IIIIZZYZYIII	(-0.002644226462222999+0j)
XIXXXIIIZZZI	(-0.001267797909757444+0j)
XIXYYZZIIZZI	(-0.001267797909757444+0j)
XIXXXIXYYZZI	(0.0010726205270502713+0j)
XIXYYZYYXZZI	(0.0010726205270502713+0j)
XIXXXIXXXIII	(0.0010726205270502713+0j)
XIXYYZYXYIII	(-0.0010726205270502713+0j)
XIXXXIYIYZZI	(-0.0035969509701011516+0j)
XIXYYZXIXZZI	(0.0035969509701011516+0j)
XIXXXIXZXIII	(-0.0035969509701011516+0j)
XIXYYZYZYIII	(0.0035969509701011516+0j)
XIXZXIIIZZZI	(0.006160780265791924+0j)
XIYIYZZIIZZI	(0.006160780265791924+0j)
XIXZXIXYYZZI	(-0.0057302084428416415+0j)
XIYIYZYYXZZI	(-0.0057302084428416415+0j)
XIXZXIXXXIII	(-0.0057302084428416415+0j)
XIYIYZYXYIII	(0.0057302084428416415+0j)
XIXZXIYIYZZI	(0.003340420389712495+0j)
XIYIYZXIXZZI	(-0.003340420389712495+0j)
XIXZXIXZXIII	(0.003340420389712495+0j)
XIYIYZYZYIII	(-0.003340420389712495+0j)
XXZIXIIIZZZI	(0.005029606309728332+0j)
XYZIYZZIIZZI	(0.005029606309728332+0j)
XXZIXIXYYZZI	(-0.005172105615978114+0j)
XYZIYZYYXZZI	(-0.005172105615978114+0j)
XXZIXIXXXIII	(-0.005172105615978114+0j)
XYZIYZYXYIII	(0.005172105615978114+0j)
XXZIXIYIYZZI	(0.0030489834594783147+0j)
XYZIYZXIXZZI	(-0.0030489834594783147+0j)
XXZIXIXZXIII	(0.0030489834594783147+0j)
XYZIYZYZYIII	(-0.0030489834594783147+0j)
XZZIXIIIZZZI	(-0.003344469574800434+0j)
YIIIYZZIIZZI	(-0.003344469574800434+0j)
XZZIXIXYYZZI	(0.00304799542840357+0j)
YIIIYZYYXZZI	(0.00304799542840357+0j)
XZZIXIXXXIII	(0.00304799542840357+0j)
YIIIYZYXYIII	(-0.00304799542840357+0j)
XZZIXIYIYZZI	(3.0424809995210805e-07+0j)
YIIIYZXIXZZI	(-3.0424809995210805e-07+0j)
XZZIXIXZXIII	(3.0424809995210805e-07+0j)
YIIIYZYZYIII	(-3.0424809995210805e-07+0j)
IIIZIIIIZZZI	(0.11403122339528472+0j)
IIIZIIXYYZZI	(0.014738687117323651+0j)
IIIZIIXXXIII	(0.014738687117323651+0j)
IIIZIIYIYZZI	(-0.004977866508754352+0j)
IIIZIIXZXIII	(-0.004977866508754352+0j)
IIIXIIIIZZZI	(4.855324562534509e-07+0j)
IIZXIIIIZZZI	(-4.855324562534509e-07+0j)
IIIXIIXYYZZI	(-0.0005253677089748049+0j)
IIZXIIXYYZZI	(0.0005253677089748049+0j)
IIIXIIXXXIII	(-0.0005253677089748049+0j)
IIZXIIXXXIII	(0.0005253677089748049+0j)
IIIXIIYIYZZI	(0.004542939651039379+0j)
IIZXIIYIYZZI	(-0.004542939651039379+0j)
IIIXIIXZXIII	(0.004542939651039379+0j)
IIZXIIXZXIII	(-0.004542939651039379+0j)
IXYYIIIIZZZI	(0.0009633492198442804+0j)
IYYXIIIIZZZI	(-0.0009633492198442804+0j)
IXYYIIXYYZZI	(0.0018176041109363426+0j)
IYYXIIXYYZZI	(-0.0018176041109363426+0j)
IXYYIIXXXIII	(0.0018176041109363426+0j)
IYYXIIXXXIII	(-0.0018176041109363426+0j)
IXYYIIYIYZZI	(-0.00358446213012884+0j)
IYYXIIYIYZZI	(0.00358446213012884+0j)
IXYYIIXZXIII	(-0.00358446213012884+0j)
IYYXIIXZXIII	(0.00358446213012884+0j)
IZYYIIIIZZZI	(0.004542104572194324+0j)
ZIXXIIIIZZZI	(0.004542104572194324+0j)
IZYYIIXYYZZI	(-0.0035846862925377064+0j)
ZIXXIIXYYZZI	(-0.0035846862925377064+0j)
IZYYIIXXXIII	(-0.0035846862925377064+0j)
ZIXXIIXXXIII	(-0.0035846862925377064+0j)
IZYYIIYIYZZI	(-1.0191017384800903e-06+0j)
ZIXXIIYIYZZI	(-1.0191017384800903e-06+0j)
IZYYIIXZXIII	(-1.0191017384800903e-06+0j)
ZIXXIIXZXIII	(-1.0191017384800903e-06+0j)
IIZZIIIIZZZI	(0.12831744580416987+0j)
IIZZIIXYYZZI	(0.012761653809530765+0j)
IIZZIIXXXIII	(0.012761653809530765+0j)
IIZZIIYIYZZI	(0.0023309475142212245+0j)
IIZZIIXZXIII	(0.0023309475142212245+0j)
IXXIIIIIZZZI	(0.012761653809530763+0j)
IYYZIIIIZZZI	(0.012761653809530763+0j)
IXXIIIXYYZZI	(0.026980321235420712+0j)
IYYZIIXYYZZI	(0.026980321235420712+0j)
IXXIIIXXXIII	(0.026980321235420712+0j)
IYYZIIXXXIII	(0.026980321235420712+0j)
IXXIIIYIYZZI	(-0.0022858584983042824+0j)
IYYZIIYIYZZI	(-0.0022858584983042824+0j)
IXXIIIXZXIII	(-0.0022858584983042824+0j)
IYYZIIXZXIII	(-0.0022858584983042824+0j)
IZXIIIIIZZZI	(0.0023309475142212245+0j)
ZIXZIIIIZZZI	(-0.0023309475142212245+0j)
IZXIIIXYYZZI	(-0.0022858584983042824+0j)
ZIXZIIXYYZZI	(0.0022858584983042824+0j)
IZXIIIXXXIII	(-0.0022858584983042824+0j)
ZIXZIIXXXIII	(0.0022858584983042824+0j)
IZXIIIYIYZZI	(0.011881333259422812+0j)
ZIXZIIYIYZZI	(-0.011881333259422812+0j)
IZXIIIXZXIII	(0.011881333259422812+0j)
ZIXZIIXZXIII	(-0.011881333259422812+0j)
IZIIIIIIZZZI	(0.1279001160659713+0j)
IZIIIIXYYZZI	(0.016488536035809416+0j)
IZIIIIXXXIII	(0.016488536035809416+0j)
IZIIIIYIYZZI	(0.003922971946471955+0j)
IZIIIIXZXIII	(0.003922971946471955+0j)
IXIIIIIIZZZI	(0.004902019445654965+0j)
ZXZIIIIIZZZI	(-0.004902019445654965+0j)
IXIIIIXYYZZI	(-0.005712480122576181+0j)
ZXZIIIXYYZZI	(0.005712480122576181+0j)
IXIIIIXXXIII	(-0.005712480122576181+0j)
ZXZIIIXXXIII	(0.005712480122576181+0j)
IXIIIIYIYZZI	(0.0048752551070036015+0j)
ZXZIIIYIYZZI	(-0.0048752551070036015+0j)
IXIIIIXZXIII	(0.0048752551070036015+0j)
ZXZIIIXZXIII	(-0.0048752551070036015+0j)
ZZZIIIIIZZZI	(0.11381556247671139+0j)
ZZZIIIXYYZZI	(0.014063575445241068+0j)
ZZZIIIXXXIII	(0.014063575445241068+0j)
ZZZIIIYIYZZI	(-2.6468242229904065e-07+0j)
ZZZIIIXZXIII	(-2.6468242229904065e-07+0j)
IIIIIIZIIIII	(0.09302927131458126+0j)
IIIIIZIZIIII	(0.12266101789781983+0j)
IIIIIZZXIIII	(-4.2867375045618477e-07+0j)
IIIIIZIXIIII	(4.2867375045618477e-07+0j)
IIIIIXIZIIII	(0.004201604747280338+0j)
IIIIZXZZZIII	(-0.004201604747280338+0j)
IIIIIXZXIIII	(-0.0007747335469951254+0j)
IIIIZXIXZIII	(0.0007747335469951254+0j)
IIIIIXIXIIII	(0.0007747335469951254+0j)
IIIIZXZXZIII	(-0.0007747335469951254+0j)
XIXXYYZZZIII	(-0.004308667277449805+0j)
XIXYYXZZZIII	(0.004308667277449805+0j)
XIXXYYIXZIII	(0.0016458130066733692+0j)
XIXYYXIXZIII	(-0.0016458130066733692+0j)
XIXXYYZXZIII	(-0.0016458130066733692+0j)
XIXYYXZXZIII	(0.0016458130066733692+0j)
XIXZYYZZZIII	(0.0033306945637369273+0j)
XIYIYXZZZIII	(-0.0033306945637369273+0j)
XIXZYYIXZIII	(-0.02394366075989676+0j)
XIYIYXIXZIII	(0.02394366075989676+0j)
XIXZYYZXZIII	(0.02394366075989676+0j)
XIYIYXZXZIII	(-0.02394366075989676+0j)
XXZIYYZZZIII	(0.0034730253136189856+0j)
XYZIYXZZZIII	(-0.0034730253136189856+0j)
XXZIYYIXZIII	(0.0023511698390423492+0j)
XYZIYXIXZIII	(-0.0023511698390423492+0j)
XXZIYYZXZIII	(-0.0023511698390423492+0j)
XYZIYXZXZIII	(0.0023511698390423492+0j)
XZZIYYZZZIII	(0.02047020664490492+0j)
YIIIYXZZZIII	(-0.02047020664490492+0j)
XZZIYYIXZIII	(-3.9626447092683424e-07+0j)
YIIIYXIXZIII	(3.9626447092683424e-07+0j)
XZZIYYZXZIII	(3.9626447092683424e-07+0j)
YIIIYXZXZIII	(-3.9626447092683424e-07+0j)
IIIIZZZZZIII	(0.11244639608147489+0j)
IIIIZZIXZIII	(-0.0038674510340707523+0j)
IIIIZZZXZIII	(0.0038674510340707523+0j)
XIXXXIIZIIII	(-0.0009217359228841449+0j)
XIXYYZZZZIII	(-0.0009217359228841449+0j)
XIXXXIZXIIII	(0.006492984817464645+0j)
XIXYYZIXZIII	(0.006492984817464645+0j)
XIXXXIIXIIII	(-0.006492984817464645+0j)
XIXYYZZXZIII	(-0.006492984817464645+0j)
XIXZXIIZIIII	(0.005639868122884585+0j)
XIYIYZZZZIII	(0.005639868122884585+0j)
XIXZXIZXIIII	(-0.00653975475029203+0j)
XIYIYZIXZIII	(-0.00653975475029203+0j)
XIXZXIIXIIII	(0.00653975475029203+0j)
XIYIYZZXZIII	(0.00653975475029203+0j)
XXZIXIIZIIII	(0.004120327186081492+0j)
XYZIYZZZZIII	(0.004120327186081492+0j)
XXZIXIZXIIII	(-0.007202157496186276+0j)
XYZIYZIXZIII	(-0.007202157496186276+0j)
XXZIXIIXIIII	(0.007202157496186276+0j)
XYZIYZZXZIII	(0.007202157496186276+0j)
XZZIXIIZIIII	(-0.004952223336509668+0j)
YIIIYZZZZIII	(-0.004952223336509668+0j)
XZZIXIZXIIII	(0.0001575964424914052+0j)
YIIIYZIXZIII	(0.0001575964424914052+0j)
XZZIXIIXIIII	(-0.0001575964424914052+0j)
YIIIYZZXZIII	(-0.0001575964424914052+0j)
IIIZIIIZIIII	(0.11627901705502022+0j)
IIIZIIZXIIII	(0.00876857894731139+0j)
IIIZIIIXIIII	(-0.00876857894731139+0j)
IIIXIIIZIIII	(0.001592170064571781+0j)
IIZXIIIZIIII	(-0.001592170064571781+0j)
IIIXIIZXIIII	(-0.007686802206653475+0j)
IIZXIIZXIIII	(0.007686802206653475+0j)
IIIXIIIXIIII	(0.007686802206653475+0j)
IIZXIIIXIIII	(-0.007686802206653475+0j)
IXYYIIIZIIII	(0.00041476144127807884+0j)
IYYXIIIZIIII	(-0.00041476144127807884+0j)
IXYYIIZXIIII	(0.00738595156438889+0j)
IYYXIIZXIIII	(-0.00738595156438889+0j)
IXYYIIIXIIII	(-0.00738595156438889+0j)
IYYXIIIXIIII	(0.00738595156438889+0j)
IZYYIIIZIIII	(0.005073269672465972+0j)
ZIXXIIIZIIII	(0.005073269672465972+0j)
IZYYIIZXIIII	(-0.0003333978549634639+0j)
ZIXXIIZXIIII	(-0.0003333978549634639+0j)
IZYYIIIXIIII	(0.0003333978549634639+0j)
ZIXXIIIXIIII	(0.0003333978549634639+0j)
IIZZIIIZIIII	(0.1279001160659713+0j)
IIZZIIZXIIII	(-0.004902019445654966+0j)
IIZZIIIXIIII	(0.004902019445654966+0j)
IXXIIIIZIIII	(0.016488536035809413+0j)
IYYZIIIZIIII	(0.016488536035809413+0j)
IXXIIIZXIIII	(0.0057124801225761825+0j)
IYYZIIZXIIII	(0.0057124801225761825+0j)
IXXIIIIXIIII	(-0.0057124801225761825+0j)
IYYZIIIXIIII	(-0.0057124801225761825+0j)
IZXIIIIZIIII	(0.003922971946471955+0j)
ZIXZIIIZIIII	(-0.003922971946471955+0j)
IZXIIIZXIIII	(-0.004875255107003602+0j)
ZIXZIIZXIIII	(0.004875255107003602+0j)
IZXIIIIXIIII	(0.004875255107003602+0j)
ZIXZIIIXIIII	(-0.004875255107003602+0j)
IZIIIIIZIIII	(0.1347541065922828+0j)
IZIIIIZXIIII	(-0.004419143171215226+0j)
IZIIIIIXIIII	(0.004419143171215226+0j)
IXIIIIIZIIII	(0.004419143171215226+0j)
ZXZIIIIZIIII	(-0.004419143171215226+0j)
IXIIIIZXIIII	(-0.025405800705213616+0j)
ZXZIIIZXIIII	(0.025405800705213616+0j)
IXIIIIIXIIII	(0.025405800705213616+0j)
ZXZIIIIXIIII	(-0.025405800705213616+0j)
ZZZIIIIZIIII	(0.11843507201979488+0j)
ZZZIIIZXIIII	(-3.0284177450221346e-06+0j)
ZZZIIIIXIIII	(3.0284177450221346e-06+0j)
IIIIIZZZIIII	(0.11659024093424031+0j)
IIIIIXZZIIII	(-9.32162547644161e-06+0j)
IIIIZXIZZIII	(9.32162547644161e-06+0j)
XIXXYYIZZIII	(-1.865535095222326e-06+0j)
XIXYYXIZZIII	(1.865535095222326e-06+0j)
XIXZYYIZZIII	(2.8201410131685527e-06+0j)
XIYIYXIZZIII	(-2.8201410131685527e-06+0j)
XXZIYYIZZIII	(5.63490543815307e-07+0j)
XYZIYXIZZIII	(-5.63490543815307e-07+0j)
XZZIYYIZZIII	(0.016170687242153925+0j)
YIIIYXIZZIII	(-0.016170687242153925+0j)
IIIIZZIZZIII	(0.1138209479293942+0j)
XIXXXIZZIIII	(-3.939344118416959e-06+0j)
XIXYYZIZZIII	(-3.939344118416959e-06+0j)
XIXZXIZZIIII	(-6.610919869527951e-07+0j)
XIYIYZIZZIII	(-6.610919869527951e-07+0j)
XXZIXIZZIIII	(-0.0004553007154658085+0j)
XYZIYZIZZIII	(-0.0004553007154658085+0j)
XZZIXIZZIIII	(-7.367968695649377e-07+0j)
YIIIYZIZZIII	(-7.367968695649377e-07+0j)
IIIZIIZZIIII	(0.11381384180610686+0j)
IIIXIIZZIIII	(-2.2336882562202765e-06+0j)
IIZXIIZZIIII	(2.2336882562202765e-06+0j)
IXYYIIZZIIII	(0.0009693166065519553+0j)
IYYXIIZZIIII	(-0.0009693166065519553+0j)
IZYYIIZZIIII	(-2.236210982020621e-07+0j)
ZIXXIIZZIIII	(-2.236210982020621e-07+0j)
IIZZIIZZIIII	(0.11381556247671139+0j)
IXXIIIZZIIII	(0.014063575445241068+0j)
IYYZIIZZIIII	(0.014063575445241068+0j)
IZXIIIZZIIII	(-2.6468242229904065e-07+0j)
ZIXZIIZZIIII	(2.6468242229904065e-07+0j)
IZIIIIZZIIII	(0.11843507201979488+0j)
IXIIIIZZIIII	(3.0284177450221346e-06+0j)
ZXZIIIZZIIII	(-3.0284177450221346e-06+0j)
ZZZIIIZZIIII	(0.11433894497432819+0j)
IIIIZIZIZIII	(0.09357711563925425+0j)
XIXYYIZIZIII	(-6.81891446587671e-08+0j)
XIXXXZIIIIII	(-6.81891446587671e-08+0j)
XYZIYIZIZIII	(-0.0005061325948995525+0j)
XXZIXZIIIIII	(-0.0005061325948995525+0j)
YIIIYIZIZIII	(-2.882855337342026e-06+0j)
XZZIXZIIIIII	(-2.882855337342026e-06+0j)
IIIZIZIIIIII	(0.09357698083048627+0j)
IYYXIZIIIIII	(-0.0010755434454996766+0j)
IXYYIZIIIIII	(0.0010755434454996766+0j)
ZIXXIZIIIIII	(-6.237388253896101e-07+0j)
IZYYIZIIIIII	(-6.237388253896101e-07+0j)
IIZZIZIIIIII	(0.09357708343189+0j)
IYYZIZIIIIII	(0.015640385557993172+0j)
IXXIIZIIIIII	(0.015640385557993172+0j)
ZIXZIZIIIIII	(8.98109403419531e-07+0j)
IZXIIZIIIIII	(-8.98109403419531e-07+0j)
IZIIIZIIIIII	(0.11070337669671046+0j)
ZXZIIZIIIIII	(-7.470899551500738e-07+0j)
IXIIIZIIIIII	(7.470899551500738e-07+0j)
ZZZIIZIIIIII	(0.09817209784826186+0j)
XIXYXYIIIIII	(1.2424499882049411e-08+0j)
XIXXXXIIIIII	(1.2424499882049411e-08+0j)
XYZIXYIIIIII	(0.0022132887412147704+0j)
XXZIXXIIIIII	(0.0022132887412147704+0j)
YIIIXYIIIIII	(-0.019810868450677956+0j)
XZZIXXIIIIII	(-0.019810868450677956+0j)
IIIZZXZIZIII	(1.2089930432647444e-07+0j)
IIIZIXIIIIII	(-1.2089930432647444e-07+0j)
IIZXZXZIZIII	(3.076964584102122e-08+0j)
IIZYIYIIIIII	(2.7488174262507194e-08+0j)
IIIYZYZIZIII	(2.7488174262507194e-08+0j)
IIIXIXIIIIII	(3.076964584102122e-08+0j)
IYYXZXZIZIII	(-0.0037183324871570985+0j)
IYYYIYIIIIII	(-0.003718328625039294+0j)
IXYXZYZIZIII	(0.003718328625039294+0j)
IXYYIXIIIIII	(-0.0037183324871570985+0j)
ZIXXZXZIZIII	(-1.1161634319056332e-06+0j)
ZIXYIYIIIIII	(-1.1161608875682038e-06+0j)
IZYXZYZIZIII	(-1.1161608875682038e-06+0j)
IZYYIXIIIIII	(1.1161634319056332e-06+0j)
IIZZZXZIZIII	(9.472842156001138e-08+0j)
IIZZIXIIIIII	(-9.472842156001138e-08+0j)
IYYZZXZIZIII	(0.0037453828497883267+0j)
IXXIZXZIZIII	(4.250850789069968e-08+0j)
IYXIIYIIIIII	(-0.003745340341280436+0j)
IXYZZYZIZIII	(-0.003745340341280436+0j)
IYYZIXIIIIII	(-4.250850789069968e-08+0j)
IXXIIXIIIIII	(-0.0037453828497883267+0j)
ZIXZZXZIZIII	(-1.8327134300494246e-07+0j)
ZIYIIYIIIIII	(-1.8327082497177946e-07+0j)
IZYZZYZIZIII	(-1.8327082497177946e-07+0j)
IZXIIXIIIIII	(-1.8327134300494246e-07+0j)
IZIIZXZIZIII	(-0.0033994088963640906+0j)
IZIIIXIIIIII	(0.0033994088963640906+0j)
ZXZIZXZIZIII	(0.00019218543870772682+0j)
IXIIZXZIZIII	(-0.00044047053670583027+0j)
ZYZIIYIIIIII	(-0.0002482850979981042+0j)
IYIIZYZIZIII	(-0.0002482850979981042+0j)
ZXZIIXIIIIII	(-0.00044047053670583027+0j)
IXIIIXIIIIII	(0.00019218543870772682+0j)
ZZZIZXZIZIII	(3.896681592703587e-06+0j)
ZZZIIXIIIIII	(-3.896681592703587e-06+0j)
XIYZYXZIZIII	(-6.64767039948097e-08+0j)
XIXIYYZIZIII	(6.64767039948097e-08+0j)
XYZZYXZIZIII	(-0.005022497346487115+0j)
XXZZYYZIZIII	(0.005022497346487115+0j)
YIIZYXZIZIII	(-0.019808851197073943+0j)
XZZZYYZIZIII	(0.019808851197073943+0j)
IIIXIZIIIIII	(-8.840803176628581e-08+0j)
IIZXIZIIIIII	(8.840803176628581e-08+0j)
XIYXYXZIZIII	(4.34315646992596e-08+0j)
XIYYYYZIZIII	(4.34315646992596e-08+0j)
XYZXYXZIZIII	(0.004401561635725783+0j)
XXIYYXZIZIII	(-3.753126428618445e-08+0j)
XYIXYXZIZIII	(-0.004401524104461495+0j)
XXZXYYZIZIII	(-0.004401524104461495+0j)
XYZYYYZIZIII	(3.753126428618445e-08+0j)
XXIXYYZIZIII	(0.004401561635725783+0j)
YIIXYXZIZIII	(6.328029601551598e-07+0j)
YIZXYXZIZIII	(-6.32798820154814e-07+0j)
XZZXYYZIZIII	(-6.32798820154814e-07+0j)
XZIXYYZIZIII	(6.328029601551598e-07+0j)
XZXYYXZIZIII	(0.0034861150188671038+0j)
XZXXYYZIZIII	(-0.0034861150188671038+0j)
YXYYYXZIZIII	(0.0004079704671352853+0j)
XXXYYXZIZIII	(0.0009355795305662299+0j)
YYYXYXZIZIII	(0.0005276090634309455+0j)
XYXYYYZIZIII	(0.0005276090634309455+0j)
YXYXYYZIZIII	(-0.0009355795305662299+0j)
XXXXYYZIZIII	(-0.0004079704671352853+0j)
YZYYYXZIZIII	(-7.655896943423477e-07+0j)
YZYXYYZIZIII	(7.655896943423477e-07+0j)
XYIZYXZIZIII	(0.0028060999463097864+0j)
XXIZYYZIZIII	(-0.0028060999463097864+0j)
YIZZYXZIZIII	(-0.01980926897624738+0j)
XZIZYYZIZIII	(0.01980926897624738+0j)
XZYIYXZIZIII	(-0.0026958450046056666+0j)
XZXZYYZIZIII	(0.0026958450046056666+0j)
YXXIYXZIZIII	(0.005940562590665118+0j)
XXYIYXZIZIII	(-0.013613141769180125+0j)
YYYZYXZIZIII	(-0.007672579178515006+0j)
XYYIYYZIZIII	(-0.007672579178515006+0j)
YXYZYYZIZIII	(0.013613141769180125+0j)
XXXZYYZIZIII	(0.005940562590665118+0j)
YZXIYXZIZIII	(-1.1710166368915086e-06+0j)
YZYZYYZIZIII	(-1.1710166368915086e-06+0j)
YZIIYXZIZIII	(-0.01811903680586257+0j)
XIZIYYZIZIII	(0.01811903680586257+0j)
YXIIYXZIZIII	(-9.597550147416756e-07+0j)
YYIIYYZIZIII	(-9.597550147416756e-07+0j)
IIIZZZZIZIII	(0.09992967617391485+0j)
IIZXZZZIZIII	(3.981299732318082e-08+0j)
IIIXZZZIZIII	(-3.981299732318082e-08+0j)
IYYXZZZIZIII	(-0.001488699781038666+0j)
IXYYZZZIZIII	(0.001488699781038666+0j)
ZIXXZZZIZIII	(-8.511549026847098e-07+0j)
IZYYZZZIZIII	(-8.511549026847098e-07+0j)
IIZZZZZIZIII	(0.09992969519619221+0j)
IYYZZZZIZIII	(0.021649075624864164+0j)
IXXIZZZIZIII	(0.021649075624864164+0j)
ZIXZZZZIZIII	(1.2575861156246268e-06+0j)
IZXIZZZIZIII	(-1.2575861156246268e-06+0j)
IZIIZZZIZIII	(0.10509038156132673+0j)
ZXZIZZZIZIII	(-0.0020641135778118763+0j)
IXIIZZZIZIII	(0.0020641135778118763+0j)
ZZZIZZZIZIII	(0.10193716282618949+0j)
XYZZYZZIZIII	(-0.0007005286799609234+0j)
XXZZXIIIIIII	(-0.0007005286799609234+0j)
YIIZYZZIZIII	(-4.0356111379389725e-06+0j)
XZZZXIIIIIII	(-4.0356111379389725e-06+0j)
XIYXYZZIZIII	(-7.048644692323348e-08+0j)
XIYYXIIIIIII	(7.048644692323348e-08+0j)
XYZXYZZIZIII	(-3.176690699269072e-08+0j)
XYIXYZZIZIII	(2.606930512715107e-08+0j)
XXZXXIIIIIII	(-2.606930512715107e-08+0j)
XXIXXIIIIIII	(3.176690699269072e-08+0j)
YIIXYZZIZIII	(-1.5960319803352396e-08+0j)
XZIYYZZIZIII	(1.425634002511075e-08+0j)
YIIYXIIIIIII	(1.425634002511075e-08+0j)
XZIXXIIIIIII	(1.5960319803352396e-08+0j)
XZXYYZZIZIII	(-9.462607096558611e-05+0j)
XZXXXIIIIIII	(-9.462607096558611e-05+0j)
YXYYYZZIZIII	(-0.003465583042609532+0j)
XXXYYZZIZIII	(-0.003465509701671488+0j)
YYYXYZZIZIII	(7.334093804435473e-08+0j)
XYXYXIIIIIII	(-7.334093804435473e-08+0j)
YXYXXIIIIIII	(-0.003465509701671488+0j)
XXXXXIIIIIII	(-0.003465583042609532+0j)
YZYYYZZIZIII	(2.142113357964989e-06+0j)
YZYXXIIIIIII	(2.142113357964989e-06+0j)
XYIZYZZIZIII	(-0.0007006021331133082+0j)
XXIZXIIIIIII	(-0.0007006021331133082+0j)
YIZZYZZIZIII	(-4.049185087938575e-06+0j)
XZIZXIIIIIII	(-4.049185087938575e-06+0j)
XZYIYZZIZIII	(0.00046776250690647126+0j)
XZXZXIIIIIII	(0.00046776250690647126+0j)
YXXIYZZIZIII	(-0.00349175932188846+0j)
XXYIYZZIZIII	(0.0034907712908137153+0j)
YYYZYZZIZIII	(-9.880310747442298e-07+0j)
XYYIXIIIIIII	(9.880310747442298e-07+0j)
YXYZXIIIIIII	(0.0034907712908137153+0j)
XXXZXIIIIIII	(0.00349175932188846+0j)
YZXIYZZIZIII	(-3.568438870007859e-07+0j)
YZYZXIIIIIII	(3.568438870007859e-07+0j)
YZIIYZZIZIII	(0.0022499341596766073+0j)
XIZIXIIIIIII	(0.0022499341596766073+0j)
YXIIYZZIZIII	(-0.0006128971579572141+0j)
YYIIXIIIIIII	(0.0006128971579572141+0j)
IIZIIIIIIIII	(0.0999295726896569+0j)
IYYIIIIIIIII	(0.021649076884472648+0j)
IXXZIIIIIIII	(0.021649076884472648+0j)
ZIXIIIIIIIII	(1.2261343049436903e-06+0j)
IZXZIIIIIIII	(-1.2261343049436903e-06+0j)
IZIZIIIIIIII	(0.10551858348860628+0j)
ZXZZIIIIIIII	(0.00467983929196238+0j)
IXIZIIIIIIII	(-0.00467983929196238+0j)
ZZZZIIIIIIII	(0.10193330103580485+0j)
IYXYIIIIIIII	(-0.0014887169288190854+0j)
IXXXIIIIIIII	(-0.0014887169288190854+0j)
ZIYYIIIIIIII	(8.350788450542119e-07+0j)
IZXXIIIIIIII	(8.350788450542119e-07+0j)
IZZXIIIIIIII	(0.00022543404636456187+0j)
IZIXIIIIIIII	(-0.00022543404636456187+0j)
ZXIXIIIIIIII	(0.004102115914115769+0j)
IXZXIIIIIIII	(-0.004102340076524633+0j)
ZYZYIIIIIIII	(-2.241624088665235e-07+0j)
IYZYIIIIIIII	(-2.241624088665235e-07+0j)
ZXZXIIIIIIII	(-0.004102340076524633+0j)
IXIXIIIIIIII	(0.004102115914115769+0j)
ZZIXIIIIIIII	(1.2145865177402173e-06+0j)
ZZZXIIIIIIII	(-1.2145865177402173e-06+0j)
ZZXXIIIIIIII	(-0.0023126818919229184+0j)
IIYYIIIIIIII	(-0.0023126818919229184+0j)
ZXXXIIIIIIII	(0.0013027144615154194+0j)
ZYXYIIIIIIII	(0.0013027144615154194+0j)
IZZZIIIIIIII	(0.10091979483055058+0j)
ZXIZIIIIIIII	(-0.002616160947350683+0j)
IXZZIIIIIIII	(0.002616160947350683+0j)
ZZIZIIIIIIII	(0.10193422921728858+0j)
ZZXZIIIIIIII	(0.0017895081761042254+0j)
IIXIIIIIIIII	(-0.0017895081761042254+0j)
ZXXZIIIIIIII	(-0.01893883055224467+0j)
ZYYIIIIIIIII	(-0.01893883055224467+0j)
ZIZIIIIIIIII	(0.09302927131458126+0j)

Representation: paulis, qubits: 12, size: 1755
The computed energy is: -17.125129662850
The total ground state energy is: -39.749256205603
The computed ground state energy is: -17.103067202899
Final energy: -39.727193745652
Parameters: [ 2.18525618e-04 -4.32313831e-04  1.97184045e-04 -3.61114992e-04
 -1.90715153e-02 -1.45425043e-04 -8.51239787e-05 -2.90153629e-02]
